2021-11-03 13:09:09,433 [INFO] from play.api.http.EnabledFilters in play-dev-mode-akka.actor.default-dispatcher-7 - Enabled Filters (see <https://www.playframework.com/documentation/latest/Filters>):

    play.filters.csrf.CSRFFilter
    play.filters.headers.SecurityHeadersFilter
    play.filters.hosts.AllowedHostsFilter

2021-11-03 13:09:09,490 [INFO] from play.api.Play in play-dev-mode-akka.actor.default-dispatcher-7 - Application started (Dev) (no global state)
2021-11-03 13:09:09,635 [WARN] from play.api.mvc.DefaultJWTCookieDataCodec in application-akka.actor.default-dispatcher-4 - decode: cookie has invalid signature! message = JWT signature does not match locally computed signature. JWT validity cannot be asserted and should not be trusted.
2021-11-03 13:09:09,636 [INFO] from play.api.mvc.DefaultJWTCookieDataCodec in application-akka.actor.default-dispatcher-4 - The JWT signature in the cookie does not match the locally computed signature with the server. This usually indicates the browser has a leftover cookie from another Play application, so clearing cookies may resolve this error message.
2021-11-03 13:09:09,855 [WARN] from play.api.mvc.DefaultJWTCookieDataCodec in application-akka.actor.default-dispatcher-4 - decode: cookie has invalid signature! message = JWT signature does not match locally computed signature. JWT validity cannot be asserted and should not be trusted.
2021-11-03 13:09:09,855 [INFO] from play.api.mvc.DefaultJWTCookieDataCodec in application-akka.actor.default-dispatcher-4 - The JWT signature in the cookie does not match the locally computed signature with the server. This usually indicates the browser has a leftover cookie from another Play application, so clearing cookies may resolve this error message.
2021-11-03 13:09:09,855 [WARN] from play.api.mvc.DefaultJWTCookieDataCodec in application-akka.actor.default-dispatcher-8 - decode: cookie has invalid signature! message = JWT signature does not match locally computed signature. JWT validity cannot be asserted and should not be trusted.
2021-11-03 13:09:09,855 [INFO] from play.api.mvc.DefaultJWTCookieDataCodec in application-akka.actor.default-dispatcher-8 - The JWT signature in the cookie does not match the locally computed signature with the server. This usually indicates the browser has a leftover cookie from another Play application, so clearing cookies may resolve this error message.
2021-11-03 13:09:09,855 [WARN] from play.api.mvc.DefaultJWTCookieDataCodec in application-akka.actor.default-dispatcher-7 - decode: cookie has invalid signature! message = JWT signature does not match locally computed signature. JWT validity cannot be asserted and should not be trusted.
2021-11-03 13:09:09,855 [INFO] from play.api.mvc.DefaultJWTCookieDataCodec in application-akka.actor.default-dispatcher-7 - The JWT signature in the cookie does not match the locally computed signature with the server. This usually indicates the browser has a leftover cookie from another Play application, so clearing cookies may resolve this error message.
2021-11-03 13:09:17,625 [WARN] from play.filters.CSRF in play-dev-mode-akka.actor.default-dispatcher-4 - [CSRF] Check failed because no or invalid token found in body for /
2021-11-03 13:09:17,627 [WARN] from play.filters.CSRF in play-dev-mode-akka.actor.default-dispatcher-4 - [CSRF] Check failed with NoTokenInBody for /
2021-11-03 13:10:33,630 [WARN] from play.filters.CSRF in play-dev-mode-akka.actor.default-dispatcher-11 - [CSRF] Check failed because no or invalid token found in body for /
2021-11-03 13:10:33,630 [WARN] from play.filters.CSRF in play-dev-mode-akka.actor.default-dispatcher-11 - [CSRF] Check failed with NoTokenInBody for /
2021-11-03 23:36:57,305 [WARN] from play.filters.CSRF in play-dev-mode-akka.actor.default-dispatcher-9 - [CSRF] Check failed because no or invalid token found in body for /
2021-11-03 23:36:57,308 [WARN] from play.filters.CSRF in play-dev-mode-akka.actor.default-dispatcher-9 - [CSRF] Check failed with NoTokenInBody for /
2021-11-03 23:41:27,063 [WARN] from play.filters.CSRF in play-dev-mode-akka.actor.default-dispatcher-26 - [CSRF] Check failed because no or invalid token found in body for /
2021-11-03 23:41:27,065 [WARN] from play.filters.CSRF in play-dev-mode-akka.actor.default-dispatcher-26 - [CSRF] Check failed with NoTokenInBody for /
2021-11-04 00:17:30,093 [ERROR] from play.api.http.DefaultHttpErrorHandler in play-dev-mode-akka.actor.default-dispatcher-40 - 

! @7lhobdaoi - Internal server error, for (GET) [/hjk] ->
 
play.sbt.PlayExceptions$CompilationException: Compilation error[no arguments allowed for nullary method getSubReddits: (): play.mvc.Result]
	at play.sbt.PlayExceptions$CompilationException$.apply(PlayExceptions.scala:34)
	at play.sbt.PlayExceptions$CompilationException$.apply(PlayExceptions.scala:34)
	at scala.Option.map(Option.scala:230)
	at play.sbt.run.PlayReload$.$anonfun$taskFailureHandler$8(PlayReload.scala:131)
	at scala.Option.map(Option.scala:230)
	at play.sbt.run.PlayReload$.taskFailureHandler(PlayReload.scala:104)
	at play.sbt.run.PlayReload$.compileFailure(PlayReload.scala:38)
	at play.sbt.run.PlayReload$.$anonfun$compile$3(PlayReload.scala:156)
	at scala.util.Either$LeftProjection.map(Either.scala:573)
	at play.sbt.run.PlayReload$.compile(PlayReload.scala:156)
	at play.sbt.run.PlayRun$.$anonfun$playRunTask$4(PlayRun.scala:80)
	at play.runsupport.Reloader.$anonfun$reload$1(Reloader.scala:496)
	at play.runsupport.Reloader$$anon$1.run(Reloader.scala:57)
	at java.base/java.security.AccessController.doPrivileged(AccessController.java:391)
	at play.runsupport.Reloader$.play$runsupport$Reloader$$withReloaderContextClassLoader(Reloader.scala:63)
	at play.runsupport.Reloader.reload(Reloader.scala:496)
	at play.core.server.DevServerStart$$anon$1.get(DevServerStart.scala:147)
	at play.core.server.AkkaHttpServer.handleRequest(AkkaHttpServer.scala:302)
	at play.core.server.AkkaHttpServer.$anonfun$createServerBinding$1(AkkaHttpServer.scala:224)
	at akka.stream.impl.fusing.MapAsync$$anon$30.onPush(Ops.scala:1297)
	at akka.stream.impl.fusing.GraphInterpreter.processPush(GraphInterpreter.scala:541)
	at akka.stream.impl.fusing.GraphInterpreter.processEvent(GraphInterpreter.scala:495)
	at akka.stream.impl.fusing.GraphInterpreter.execute(GraphInterpreter.scala:390)
	at akka.stream.impl.fusing.GraphInterpreterShell.runBatch(ActorGraphInterpreter.scala:625)
	at akka.stream.impl.fusing.GraphInterpreterShell$AsyncInput.execute(ActorGraphInterpreter.scala:502)
	at akka.stream.impl.fusing.GraphInterpreterShell.processEvent(ActorGraphInterpreter.scala:600)
	at akka.stream.impl.fusing.ActorGraphInterpreter.akka$stream$impl$fusing$ActorGraphInterpreter$$processEvent(ActorGraphInterpreter.scala:775)
	at akka.stream.impl.fusing.ActorGraphInterpreter$$anonfun$receive$1.applyOrElse(ActorGraphInterpreter.scala:790)
	at akka.actor.Actor.aroundReceive(Actor.scala:537)
	at akka.actor.Actor.aroundReceive$(Actor.scala:535)
	at akka.stream.impl.fusing.ActorGraphInterpreter.aroundReceive(ActorGraphInterpreter.scala:691)
	at akka.actor.ActorCell.receiveMessage(ActorCell.scala:579)
	at akka.actor.ActorCell.invoke(ActorCell.scala:547)
	at akka.dispatch.Mailbox.processMailbox(Mailbox.scala:270)
	at akka.dispatch.Mailbox.run(Mailbox.scala:231)
	at akka.dispatch.Mailbox.exec(Mailbox.scala:243)
	at java.base/java.util.concurrent.ForkJoinTask.doExec(ForkJoinTask.java:290)
	at java.base/java.util.concurrent.ForkJoinPool$WorkQueue.topLevelExec(ForkJoinPool.java:1016)
	at java.base/java.util.concurrent.ForkJoinPool.scan(ForkJoinPool.java:1665)
	at java.base/java.util.concurrent.ForkJoinPool.runWorker(ForkJoinPool.java:1598)
	at java.base/java.util.concurrent.ForkJoinWorkerThread.run(ForkJoinWorkerThread.java:183)
2021-11-04 00:17:32,494 [ERROR] from play.api.http.DefaultHttpErrorHandler in play-dev-mode-akka.actor.default-dispatcher-46 - 

! @7lhobdf6j - Internal server error, for (GET) [/hjk] ->
 
play.sbt.PlayExceptions$CompilationException: Compilation error[no arguments allowed for nullary method getSubReddits: (): play.mvc.Result]
	at play.sbt.PlayExceptions$CompilationException$.apply(PlayExceptions.scala:34)
	at play.sbt.PlayExceptions$CompilationException$.apply(PlayExceptions.scala:34)
	at scala.Option.map(Option.scala:230)
	at play.sbt.run.PlayReload$.$anonfun$taskFailureHandler$8(PlayReload.scala:131)
	at scala.Option.map(Option.scala:230)
	at play.sbt.run.PlayReload$.taskFailureHandler(PlayReload.scala:104)
	at play.sbt.run.PlayReload$.compileFailure(PlayReload.scala:38)
	at play.sbt.run.PlayReload$.$anonfun$compile$3(PlayReload.scala:156)
	at scala.util.Either$LeftProjection.map(Either.scala:573)
	at play.sbt.run.PlayReload$.compile(PlayReload.scala:156)
	at play.sbt.run.PlayRun$.$anonfun$playRunTask$4(PlayRun.scala:80)
	at play.runsupport.Reloader.$anonfun$reload$1(Reloader.scala:496)
	at play.runsupport.Reloader$$anon$1.run(Reloader.scala:57)
	at java.base/java.security.AccessController.doPrivileged(AccessController.java:391)
	at play.runsupport.Reloader$.play$runsupport$Reloader$$withReloaderContextClassLoader(Reloader.scala:63)
	at play.runsupport.Reloader.reload(Reloader.scala:496)
	at play.core.server.DevServerStart$$anon$1.get(DevServerStart.scala:147)
	at play.core.server.AkkaHttpServer.handleRequest(AkkaHttpServer.scala:302)
	at play.core.server.AkkaHttpServer.$anonfun$createServerBinding$1(AkkaHttpServer.scala:224)
	at akka.stream.impl.fusing.MapAsync$$anon$30.onPush(Ops.scala:1297)
	at akka.stream.impl.fusing.GraphInterpreter.processPush(GraphInterpreter.scala:541)
	at akka.stream.impl.fusing.GraphInterpreter.processEvent(GraphInterpreter.scala:495)
	at akka.stream.impl.fusing.GraphInterpreter.execute(GraphInterpreter.scala:390)
	at akka.stream.impl.fusing.GraphInterpreterShell.runBatch(ActorGraphInterpreter.scala:625)
	at akka.stream.impl.fusing.GraphInterpreterShell$AsyncInput.execute(ActorGraphInterpreter.scala:502)
	at akka.stream.impl.fusing.GraphInterpreterShell.processEvent(ActorGraphInterpreter.scala:600)
	at akka.stream.impl.fusing.ActorGraphInterpreter.akka$stream$impl$fusing$ActorGraphInterpreter$$processEvent(ActorGraphInterpreter.scala:775)
	at akka.stream.impl.fusing.ActorGraphInterpreter$$anonfun$receive$1.applyOrElse(ActorGraphInterpreter.scala:790)
	at akka.actor.Actor.aroundReceive(Actor.scala:537)
	at akka.actor.Actor.aroundReceive$(Actor.scala:535)
	at akka.stream.impl.fusing.ActorGraphInterpreter.aroundReceive(ActorGraphInterpreter.scala:691)
	at akka.actor.ActorCell.receiveMessage(ActorCell.scala:579)
	at akka.actor.ActorCell.invoke(ActorCell.scala:547)
	at akka.dispatch.Mailbox.processMailbox(Mailbox.scala:270)
	at akka.dispatch.Mailbox.run(Mailbox.scala:231)
	at akka.dispatch.Mailbox.exec(Mailbox.scala:243)
	at java.base/java.util.concurrent.ForkJoinTask.doExec(ForkJoinTask.java:290)
	at java.base/java.util.concurrent.ForkJoinPool$WorkQueue.topLevelExec(ForkJoinPool.java:1016)
	at java.base/java.util.concurrent.ForkJoinPool.scan(ForkJoinPool.java:1665)
	at java.base/java.util.concurrent.ForkJoinPool.runWorker(ForkJoinPool.java:1598)
	at java.base/java.util.concurrent.ForkJoinWorkerThread.run(ForkJoinWorkerThread.java:183)
2021-11-04 00:18:22,229 [ERROR] from play.api.http.DefaultHttpErrorHandler in play-dev-mode-akka.actor.default-dispatcher-46 - 

! @7lhobgalg - Internal server error, for (GET) [/hjk] ->
 
play.sbt.PlayExceptions$CompilationException: Compilation error[no arguments allowed for nullary method getSubReddits: (): play.mvc.Result]
	at play.sbt.PlayExceptions$CompilationException$.apply(PlayExceptions.scala:34)
	at play.sbt.PlayExceptions$CompilationException$.apply(PlayExceptions.scala:34)
	at scala.Option.map(Option.scala:230)
	at play.sbt.run.PlayReload$.$anonfun$taskFailureHandler$8(PlayReload.scala:131)
	at scala.Option.map(Option.scala:230)
	at play.sbt.run.PlayReload$.taskFailureHandler(PlayReload.scala:104)
	at play.sbt.run.PlayReload$.compileFailure(PlayReload.scala:38)
	at play.sbt.run.PlayReload$.$anonfun$compile$3(PlayReload.scala:156)
	at scala.util.Either$LeftProjection.map(Either.scala:573)
	at play.sbt.run.PlayReload$.compile(PlayReload.scala:156)
	at play.sbt.run.PlayRun$.$anonfun$playRunTask$4(PlayRun.scala:80)
	at play.runsupport.Reloader.$anonfun$reload$1(Reloader.scala:496)
	at play.runsupport.Reloader$$anon$1.run(Reloader.scala:57)
	at java.base/java.security.AccessController.doPrivileged(AccessController.java:391)
	at play.runsupport.Reloader$.play$runsupport$Reloader$$withReloaderContextClassLoader(Reloader.scala:63)
	at play.runsupport.Reloader.reload(Reloader.scala:496)
	at play.core.server.DevServerStart$$anon$1.get(DevServerStart.scala:147)
	at play.core.server.AkkaHttpServer.handleRequest(AkkaHttpServer.scala:302)
	at play.core.server.AkkaHttpServer.$anonfun$createServerBinding$1(AkkaHttpServer.scala:224)
	at akka.stream.impl.fusing.MapAsync$$anon$30.onPush(Ops.scala:1297)
	at akka.stream.impl.fusing.GraphInterpreter.processPush(GraphInterpreter.scala:541)
	at akka.stream.impl.fusing.GraphInterpreter.processEvent(GraphInterpreter.scala:495)
	at akka.stream.impl.fusing.GraphInterpreter.execute(GraphInterpreter.scala:390)
	at akka.stream.impl.fusing.GraphInterpreterShell.runBatch(ActorGraphInterpreter.scala:625)
	at akka.stream.impl.fusing.GraphInterpreterShell$AsyncInput.execute(ActorGraphInterpreter.scala:502)
	at akka.stream.impl.fusing.GraphInterpreterShell.processEvent(ActorGraphInterpreter.scala:600)
	at akka.stream.impl.fusing.ActorGraphInterpreter.akka$stream$impl$fusing$ActorGraphInterpreter$$processEvent(ActorGraphInterpreter.scala:775)
	at akka.stream.impl.fusing.ActorGraphInterpreter$$anonfun$receive$1.applyOrElse(ActorGraphInterpreter.scala:790)
	at akka.actor.Actor.aroundReceive(Actor.scala:537)
	at akka.actor.Actor.aroundReceive$(Actor.scala:535)
	at akka.stream.impl.fusing.ActorGraphInterpreter.aroundReceive(ActorGraphInterpreter.scala:691)
	at akka.actor.ActorCell.receiveMessage(ActorCell.scala:579)
	at akka.actor.ActorCell.invoke(ActorCell.scala:547)
	at akka.dispatch.Mailbox.processMailbox(Mailbox.scala:270)
	at akka.dispatch.Mailbox.run(Mailbox.scala:231)
	at akka.dispatch.Mailbox.exec(Mailbox.scala:243)
	at java.base/java.util.concurrent.ForkJoinTask.doExec(ForkJoinTask.java:290)
	at java.base/java.util.concurrent.ForkJoinPool$WorkQueue.topLevelExec(ForkJoinPool.java:1016)
	at java.base/java.util.concurrent.ForkJoinPool.scan(ForkJoinPool.java:1665)
	at java.base/java.util.concurrent.ForkJoinPool.runWorker(ForkJoinPool.java:1598)
	at java.base/java.util.concurrent.ForkJoinWorkerThread.run(ForkJoinWorkerThread.java:183)
2021-11-04 00:20:19,092 [ERROR] from play.api.http.DefaultHttpErrorHandler in play-dev-mode-akka.actor.default-dispatcher-47 - 

! @7lhobn1i1 - Internal server error, for (GET) [/hjk] ->
 
play.sbt.PlayExceptions$CompilationException: Compilation error[cannot find symbol
  symbol:   method ok(java.lang.String)
  location: class controllers.SubRedditController]
	at play.sbt.PlayExceptions$CompilationException$.apply(PlayExceptions.scala:34)
	at play.sbt.PlayExceptions$CompilationException$.apply(PlayExceptions.scala:34)
	at scala.Option.map(Option.scala:230)
	at play.sbt.run.PlayReload$.$anonfun$taskFailureHandler$8(PlayReload.scala:131)
	at scala.Option.map(Option.scala:230)
	at play.sbt.run.PlayReload$.taskFailureHandler(PlayReload.scala:104)
	at play.sbt.run.PlayReload$.compileFailure(PlayReload.scala:38)
	at play.sbt.run.PlayReload$.$anonfun$compile$3(PlayReload.scala:156)
	at scala.util.Either$LeftProjection.map(Either.scala:573)
	at play.sbt.run.PlayReload$.compile(PlayReload.scala:156)
	at play.sbt.run.PlayRun$.$anonfun$playRunTask$4(PlayRun.scala:80)
	at play.runsupport.Reloader.$anonfun$reload$1(Reloader.scala:496)
	at play.runsupport.Reloader$$anon$1.run(Reloader.scala:57)
	at java.base/java.security.AccessController.doPrivileged(AccessController.java:391)
	at play.runsupport.Reloader$.play$runsupport$Reloader$$withReloaderContextClassLoader(Reloader.scala:63)
	at play.runsupport.Reloader.reload(Reloader.scala:496)
	at play.core.server.DevServerStart$$anon$1.get(DevServerStart.scala:147)
	at play.core.server.AkkaHttpServer.handleRequest(AkkaHttpServer.scala:302)
	at play.core.server.AkkaHttpServer.$anonfun$createServerBinding$1(AkkaHttpServer.scala:224)
	at akka.stream.impl.fusing.MapAsync$$anon$30.onPush(Ops.scala:1297)
	at akka.stream.impl.fusing.GraphInterpreter.processPush(GraphInterpreter.scala:541)
	at akka.stream.impl.fusing.GraphInterpreter.processEvent(GraphInterpreter.scala:495)
	at akka.stream.impl.fusing.GraphInterpreter.execute(GraphInterpreter.scala:390)
	at akka.stream.impl.fusing.GraphInterpreterShell.runBatch(ActorGraphInterpreter.scala:625)
	at akka.stream.impl.fusing.GraphInterpreterShell$AsyncInput.execute(ActorGraphInterpreter.scala:502)
	at akka.stream.impl.fusing.GraphInterpreterShell.processEvent(ActorGraphInterpreter.scala:600)
	at akka.stream.impl.fusing.ActorGraphInterpreter.akka$stream$impl$fusing$ActorGraphInterpreter$$processEvent(ActorGraphInterpreter.scala:775)
	at akka.stream.impl.fusing.ActorGraphInterpreter$$anonfun$receive$1.applyOrElse(ActorGraphInterpreter.scala:790)
	at akka.actor.Actor.aroundReceive(Actor.scala:537)
	at akka.actor.Actor.aroundReceive$(Actor.scala:535)
	at akka.stream.impl.fusing.ActorGraphInterpreter.aroundReceive(ActorGraphInterpreter.scala:691)
	at akka.actor.ActorCell.receiveMessage(ActorCell.scala:579)
	at akka.actor.ActorCell.invoke(ActorCell.scala:547)
	at akka.dispatch.Mailbox.processMailbox(Mailbox.scala:270)
	at akka.dispatch.Mailbox.run(Mailbox.scala:231)
	at akka.dispatch.Mailbox.exec(Mailbox.scala:243)
	at java.base/java.util.concurrent.ForkJoinTask.doExec(ForkJoinTask.java:290)
	at java.base/java.util.concurrent.ForkJoinPool$WorkQueue.topLevelExec(ForkJoinPool.java:1016)
	at java.base/java.util.concurrent.ForkJoinPool.scan(ForkJoinPool.java:1665)
	at java.base/java.util.concurrent.ForkJoinPool.runWorker(ForkJoinPool.java:1598)
	at java.base/java.util.concurrent.ForkJoinWorkerThread.run(ForkJoinWorkerThread.java:183)
2021-11-04 00:21:55,809 [ERROR] from play.api.http.DefaultHttpErrorHandler in play-dev-mode-akka.actor.default-dispatcher-47 - 

! @7lhoc2ek1 - Internal server error, for (GET) [/hjk] ->
 
play.sbt.PlayExceptions$CompilationException: Compilation error[cannot find symbol
  symbol:   method ok(java.lang.String)
  location: class controllers.SubRedditController]
	at play.sbt.PlayExceptions$CompilationException$.apply(PlayExceptions.scala:34)
	at play.sbt.PlayExceptions$CompilationException$.apply(PlayExceptions.scala:34)
	at scala.Option.map(Option.scala:230)
	at play.sbt.run.PlayReload$.$anonfun$taskFailureHandler$8(PlayReload.scala:131)
	at scala.Option.map(Option.scala:230)
	at play.sbt.run.PlayReload$.taskFailureHandler(PlayReload.scala:104)
	at play.sbt.run.PlayReload$.compileFailure(PlayReload.scala:38)
	at play.sbt.run.PlayReload$.$anonfun$compile$3(PlayReload.scala:156)
	at scala.util.Either$LeftProjection.map(Either.scala:573)
	at play.sbt.run.PlayReload$.compile(PlayReload.scala:156)
	at play.sbt.run.PlayRun$.$anonfun$playRunTask$4(PlayRun.scala:80)
	at play.runsupport.Reloader.$anonfun$reload$1(Reloader.scala:496)
	at play.runsupport.Reloader$$anon$1.run(Reloader.scala:57)
	at java.base/java.security.AccessController.doPrivileged(AccessController.java:391)
	at play.runsupport.Reloader$.play$runsupport$Reloader$$withReloaderContextClassLoader(Reloader.scala:63)
	at play.runsupport.Reloader.reload(Reloader.scala:496)
	at play.core.server.DevServerStart$$anon$1.get(DevServerStart.scala:147)
	at play.core.server.AkkaHttpServer.handleRequest(AkkaHttpServer.scala:302)
	at play.core.server.AkkaHttpServer.$anonfun$createServerBinding$1(AkkaHttpServer.scala:224)
	at akka.stream.impl.fusing.MapAsync$$anon$30.onPush(Ops.scala:1297)
	at akka.stream.impl.fusing.GraphInterpreter.processPush(GraphInterpreter.scala:541)
	at akka.stream.impl.fusing.GraphInterpreter.processEvent(GraphInterpreter.scala:495)
	at akka.stream.impl.fusing.GraphInterpreter.execute(GraphInterpreter.scala:390)
	at akka.stream.impl.fusing.GraphInterpreterShell.runBatch(ActorGraphInterpreter.scala:625)
	at akka.stream.impl.fusing.GraphInterpreterShell$AsyncInput.execute(ActorGraphInterpreter.scala:502)
	at akka.stream.impl.fusing.GraphInterpreterShell.processEvent(ActorGraphInterpreter.scala:600)
	at akka.stream.impl.fusing.ActorGraphInterpreter.akka$stream$impl$fusing$ActorGraphInterpreter$$processEvent(ActorGraphInterpreter.scala:775)
	at akka.stream.impl.fusing.ActorGraphInterpreter$$anonfun$receive$1.applyOrElse(ActorGraphInterpreter.scala:790)
	at akka.actor.Actor.aroundReceive(Actor.scala:537)
	at akka.actor.Actor.aroundReceive$(Actor.scala:535)
	at akka.stream.impl.fusing.ActorGraphInterpreter.aroundReceive(ActorGraphInterpreter.scala:691)
	at akka.actor.ActorCell.receiveMessage(ActorCell.scala:579)
	at akka.actor.ActorCell.invoke(ActorCell.scala:547)
	at akka.dispatch.Mailbox.processMailbox(Mailbox.scala:270)
	at akka.dispatch.Mailbox.run(Mailbox.scala:231)
	at akka.dispatch.Mailbox.exec(Mailbox.scala:243)
	at java.base/java.util.concurrent.ForkJoinTask.doExec(ForkJoinTask.java:290)
	at java.base/java.util.concurrent.ForkJoinPool$WorkQueue.topLevelExec(ForkJoinPool.java:1016)
	at java.base/java.util.concurrent.ForkJoinPool.scan(ForkJoinPool.java:1665)
	at java.base/java.util.concurrent.ForkJoinPool.runWorker(ForkJoinPool.java:1598)
	at java.base/java.util.concurrent.ForkJoinWorkerThread.run(ForkJoinWorkerThread.java:183)
2021-11-04 00:22:02,136 [ERROR] from play.api.http.DefaultHttpErrorHandler in play-dev-mode-akka.actor.default-dispatcher-40 - 

! @7lhoc2o3g - Internal server error, for (GET) [/hjk] ->
 
play.sbt.PlayExceptions$CompilationException: Compilation error[cannot find symbol
  symbol:   method ok(java.lang.String)
  location: class controllers.SubRedditController]
	at play.sbt.PlayExceptions$CompilationException$.apply(PlayExceptions.scala:34)
	at play.sbt.PlayExceptions$CompilationException$.apply(PlayExceptions.scala:34)
	at scala.Option.map(Option.scala:230)
	at play.sbt.run.PlayReload$.$anonfun$taskFailureHandler$8(PlayReload.scala:131)
	at scala.Option.map(Option.scala:230)
	at play.sbt.run.PlayReload$.taskFailureHandler(PlayReload.scala:104)
	at play.sbt.run.PlayReload$.compileFailure(PlayReload.scala:38)
	at play.sbt.run.PlayReload$.$anonfun$compile$3(PlayReload.scala:156)
	at scala.util.Either$LeftProjection.map(Either.scala:573)
	at play.sbt.run.PlayReload$.compile(PlayReload.scala:156)
	at play.sbt.run.PlayRun$.$anonfun$playRunTask$4(PlayRun.scala:80)
	at play.runsupport.Reloader.$anonfun$reload$1(Reloader.scala:496)
	at play.runsupport.Reloader$$anon$1.run(Reloader.scala:57)
	at java.base/java.security.AccessController.doPrivileged(AccessController.java:391)
	at play.runsupport.Reloader$.play$runsupport$Reloader$$withReloaderContextClassLoader(Reloader.scala:63)
	at play.runsupport.Reloader.reload(Reloader.scala:496)
	at play.core.server.DevServerStart$$anon$1.get(DevServerStart.scala:147)
	at play.core.server.AkkaHttpServer.handleRequest(AkkaHttpServer.scala:302)
	at play.core.server.AkkaHttpServer.$anonfun$createServerBinding$1(AkkaHttpServer.scala:224)
	at akka.stream.impl.fusing.MapAsync$$anon$30.onPush(Ops.scala:1297)
	at akka.stream.impl.fusing.GraphInterpreter.processPush(GraphInterpreter.scala:541)
	at akka.stream.impl.fusing.GraphInterpreter.processEvent(GraphInterpreter.scala:495)
	at akka.stream.impl.fusing.GraphInterpreter.execute(GraphInterpreter.scala:390)
	at akka.stream.impl.fusing.GraphInterpreterShell.runBatch(ActorGraphInterpreter.scala:625)
	at akka.stream.impl.fusing.GraphInterpreterShell$AsyncInput.execute(ActorGraphInterpreter.scala:502)
	at akka.stream.impl.fusing.GraphInterpreterShell.processEvent(ActorGraphInterpreter.scala:600)
	at akka.stream.impl.fusing.ActorGraphInterpreter.akka$stream$impl$fusing$ActorGraphInterpreter$$processEvent(ActorGraphInterpreter.scala:775)
	at akka.stream.impl.fusing.ActorGraphInterpreter$$anonfun$receive$1.applyOrElse(ActorGraphInterpreter.scala:790)
	at akka.actor.Actor.aroundReceive(Actor.scala:537)
	at akka.actor.Actor.aroundReceive$(Actor.scala:535)
	at akka.stream.impl.fusing.ActorGraphInterpreter.aroundReceive(ActorGraphInterpreter.scala:691)
	at akka.actor.ActorCell.receiveMessage(ActorCell.scala:579)
	at akka.actor.ActorCell.invoke(ActorCell.scala:547)
	at akka.dispatch.Mailbox.processMailbox(Mailbox.scala:270)
	at akka.dispatch.Mailbox.run(Mailbox.scala:231)
	at akka.dispatch.Mailbox.exec(Mailbox.scala:243)
	at java.base/java.util.concurrent.ForkJoinTask.doExec(ForkJoinTask.java:290)
	at java.base/java.util.concurrent.ForkJoinPool$WorkQueue.topLevelExec(ForkJoinPool.java:1016)
	at java.base/java.util.concurrent.ForkJoinPool.scan(ForkJoinPool.java:1665)
	at java.base/java.util.concurrent.ForkJoinPool.runWorker(ForkJoinPool.java:1598)
	at java.base/java.util.concurrent.ForkJoinWorkerThread.run(ForkJoinWorkerThread.java:183)
2021-11-04 00:22:17,965 [ERROR] from play.api.http.DefaultHttpErrorHandler in play-dev-mode-akka.actor.default-dispatcher-40 - 

! @7lhoc3le2 - Internal server error, for (GET) [/huuu] ->
 
play.sbt.PlayExceptions$CompilationException: Compilation error[cannot find symbol
  symbol:   method ok(java.lang.String)
  location: class controllers.SubRedditController]
	at play.sbt.PlayExceptions$CompilationException$.apply(PlayExceptions.scala:34)
	at play.sbt.PlayExceptions$CompilationException$.apply(PlayExceptions.scala:34)
	at scala.Option.map(Option.scala:230)
	at play.sbt.run.PlayReload$.$anonfun$taskFailureHandler$8(PlayReload.scala:131)
	at scala.Option.map(Option.scala:230)
	at play.sbt.run.PlayReload$.taskFailureHandler(PlayReload.scala:104)
	at play.sbt.run.PlayReload$.compileFailure(PlayReload.scala:38)
	at play.sbt.run.PlayReload$.$anonfun$compile$3(PlayReload.scala:156)
	at scala.util.Either$LeftProjection.map(Either.scala:573)
	at play.sbt.run.PlayReload$.compile(PlayReload.scala:156)
	at play.sbt.run.PlayRun$.$anonfun$playRunTask$4(PlayRun.scala:80)
	at play.runsupport.Reloader.$anonfun$reload$1(Reloader.scala:496)
	at play.runsupport.Reloader$$anon$1.run(Reloader.scala:57)
	at java.base/java.security.AccessController.doPrivileged(AccessController.java:391)
	at play.runsupport.Reloader$.play$runsupport$Reloader$$withReloaderContextClassLoader(Reloader.scala:63)
	at play.runsupport.Reloader.reload(Reloader.scala:496)
	at play.core.server.DevServerStart$$anon$1.get(DevServerStart.scala:147)
	at play.core.server.AkkaHttpServer.handleRequest(AkkaHttpServer.scala:302)
	at play.core.server.AkkaHttpServer.$anonfun$createServerBinding$1(AkkaHttpServer.scala:224)
	at akka.stream.impl.fusing.MapAsync$$anon$30.onPush(Ops.scala:1297)
	at akka.stream.impl.fusing.GraphInterpreter.processPush(GraphInterpreter.scala:541)
	at akka.stream.impl.fusing.GraphInterpreter.processEvent(GraphInterpreter.scala:495)
	at akka.stream.impl.fusing.GraphInterpreter.execute(GraphInterpreter.scala:390)
	at akka.stream.impl.fusing.GraphInterpreterShell.runBatch(ActorGraphInterpreter.scala:625)
	at akka.stream.impl.fusing.GraphInterpreterShell$AsyncInput.execute(ActorGraphInterpreter.scala:502)
	at akka.stream.impl.fusing.GraphInterpreterShell.processEvent(ActorGraphInterpreter.scala:600)
	at akka.stream.impl.fusing.ActorGraphInterpreter.akka$stream$impl$fusing$ActorGraphInterpreter$$processEvent(ActorGraphInterpreter.scala:775)
	at akka.stream.impl.fusing.ActorGraphInterpreter$$anonfun$receive$1.applyOrElse(ActorGraphInterpreter.scala:790)
	at akka.actor.Actor.aroundReceive(Actor.scala:537)
	at akka.actor.Actor.aroundReceive$(Actor.scala:535)
	at akka.stream.impl.fusing.ActorGraphInterpreter.aroundReceive(ActorGraphInterpreter.scala:691)
	at akka.actor.ActorCell.receiveMessage(ActorCell.scala:579)
	at akka.actor.ActorCell.invoke(ActorCell.scala:547)
	at akka.dispatch.Mailbox.processMailbox(Mailbox.scala:270)
	at akka.dispatch.Mailbox.run(Mailbox.scala:231)
	at akka.dispatch.Mailbox.exec(Mailbox.scala:243)
	at java.base/java.util.concurrent.ForkJoinTask.doExec(ForkJoinTask.java:290)
	at java.base/java.util.concurrent.ForkJoinPool$WorkQueue.topLevelExec(ForkJoinPool.java:1016)
	at java.base/java.util.concurrent.ForkJoinPool.scan(ForkJoinPool.java:1665)
	at java.base/java.util.concurrent.ForkJoinPool.runWorker(ForkJoinPool.java:1598)
	at java.base/java.util.concurrent.ForkJoinWorkerThread.run(ForkJoinWorkerThread.java:183)
2021-11-04 00:22:20,386 [ERROR] from play.api.http.DefaultHttpErrorHandler in play-dev-mode-akka.actor.default-dispatcher-43 - 

! @7lhoc3p03 - Internal server error, for (GET) [/huuu] ->
 
play.sbt.PlayExceptions$CompilationException: Compilation error[cannot find symbol
  symbol:   method ok(java.lang.String)
  location: class controllers.SubRedditController]
	at play.sbt.PlayExceptions$CompilationException$.apply(PlayExceptions.scala:34)
	at play.sbt.PlayExceptions$CompilationException$.apply(PlayExceptions.scala:34)
	at scala.Option.map(Option.scala:230)
	at play.sbt.run.PlayReload$.$anonfun$taskFailureHandler$8(PlayReload.scala:131)
	at scala.Option.map(Option.scala:230)
	at play.sbt.run.PlayReload$.taskFailureHandler(PlayReload.scala:104)
	at play.sbt.run.PlayReload$.compileFailure(PlayReload.scala:38)
	at play.sbt.run.PlayReload$.$anonfun$compile$3(PlayReload.scala:156)
	at scala.util.Either$LeftProjection.map(Either.scala:573)
	at play.sbt.run.PlayReload$.compile(PlayReload.scala:156)
	at play.sbt.run.PlayRun$.$anonfun$playRunTask$4(PlayRun.scala:80)
	at play.runsupport.Reloader.$anonfun$reload$1(Reloader.scala:496)
	at play.runsupport.Reloader$$anon$1.run(Reloader.scala:57)
	at java.base/java.security.AccessController.doPrivileged(AccessController.java:391)
	at play.runsupport.Reloader$.play$runsupport$Reloader$$withReloaderContextClassLoader(Reloader.scala:63)
	at play.runsupport.Reloader.reload(Reloader.scala:496)
	at play.core.server.DevServerStart$$anon$1.get(DevServerStart.scala:147)
	at play.core.server.AkkaHttpServer.handleRequest(AkkaHttpServer.scala:302)
	at play.core.server.AkkaHttpServer.$anonfun$createServerBinding$1(AkkaHttpServer.scala:224)
	at akka.stream.impl.fusing.MapAsync$$anon$30.onPush(Ops.scala:1297)
	at akka.stream.impl.fusing.GraphInterpreter.processPush(GraphInterpreter.scala:541)
	at akka.stream.impl.fusing.GraphInterpreter.processEvent(GraphInterpreter.scala:495)
	at akka.stream.impl.fusing.GraphInterpreter.execute(GraphInterpreter.scala:390)
	at akka.stream.impl.fusing.GraphInterpreterShell.runBatch(ActorGraphInterpreter.scala:625)
	at akka.stream.impl.fusing.GraphInterpreterShell$AsyncInput.execute(ActorGraphInterpreter.scala:502)
	at akka.stream.impl.fusing.GraphInterpreterShell.processEvent(ActorGraphInterpreter.scala:600)
	at akka.stream.impl.fusing.ActorGraphInterpreter.akka$stream$impl$fusing$ActorGraphInterpreter$$processEvent(ActorGraphInterpreter.scala:775)
	at akka.stream.impl.fusing.ActorGraphInterpreter$$anonfun$receive$1.applyOrElse(ActorGraphInterpreter.scala:790)
	at akka.actor.Actor.aroundReceive(Actor.scala:537)
	at akka.actor.Actor.aroundReceive$(Actor.scala:535)
	at akka.stream.impl.fusing.ActorGraphInterpreter.aroundReceive(ActorGraphInterpreter.scala:691)
	at akka.actor.ActorCell.receiveMessage(ActorCell.scala:579)
	at akka.actor.ActorCell.invoke(ActorCell.scala:547)
	at akka.dispatch.Mailbox.processMailbox(Mailbox.scala:270)
	at akka.dispatch.Mailbox.run(Mailbox.scala:231)
	at akka.dispatch.Mailbox.exec(Mailbox.scala:243)
	at java.base/java.util.concurrent.ForkJoinTask.doExec(ForkJoinTask.java:290)
	at java.base/java.util.concurrent.ForkJoinPool$WorkQueue.topLevelExec(ForkJoinPool.java:1016)
	at java.base/java.util.concurrent.ForkJoinPool.scan(ForkJoinPool.java:1665)
	at java.base/java.util.concurrent.ForkJoinPool.runWorker(ForkJoinPool.java:1598)
	at java.base/java.util.concurrent.ForkJoinWorkerThread.run(ForkJoinWorkerThread.java:183)
2021-11-04 00:23:35,203 [ERROR] from play.api.http.DefaultHttpErrorHandler in play-dev-mode-akka.actor.default-dispatcher-48 - 

! @7lhoc85l1 - Internal server error, for (GET) [/subreddit/huu] ->
 
play.sbt.PlayExceptions$CompilationException: Compilation error[cannot find symbol
  symbol:   method ok(java.lang.String)
  location: class controllers.SubRedditController]
	at play.sbt.PlayExceptions$CompilationException$.apply(PlayExceptions.scala:34)
	at play.sbt.PlayExceptions$CompilationException$.apply(PlayExceptions.scala:34)
	at scala.Option.map(Option.scala:230)
	at play.sbt.run.PlayReload$.$anonfun$taskFailureHandler$8(PlayReload.scala:131)
	at scala.Option.map(Option.scala:230)
	at play.sbt.run.PlayReload$.taskFailureHandler(PlayReload.scala:104)
	at play.sbt.run.PlayReload$.compileFailure(PlayReload.scala:38)
	at play.sbt.run.PlayReload$.$anonfun$compile$3(PlayReload.scala:156)
	at scala.util.Either$LeftProjection.map(Either.scala:573)
	at play.sbt.run.PlayReload$.compile(PlayReload.scala:156)
	at play.sbt.run.PlayRun$.$anonfun$playRunTask$4(PlayRun.scala:80)
	at play.runsupport.Reloader.$anonfun$reload$1(Reloader.scala:496)
	at play.runsupport.Reloader$$anon$1.run(Reloader.scala:57)
	at java.base/java.security.AccessController.doPrivileged(AccessController.java:391)
	at play.runsupport.Reloader$.play$runsupport$Reloader$$withReloaderContextClassLoader(Reloader.scala:63)
	at play.runsupport.Reloader.reload(Reloader.scala:496)
	at play.core.server.DevServerStart$$anon$1.get(DevServerStart.scala:147)
	at play.core.server.AkkaHttpServer.handleRequest(AkkaHttpServer.scala:302)
	at play.core.server.AkkaHttpServer.$anonfun$createServerBinding$1(AkkaHttpServer.scala:224)
	at akka.stream.impl.fusing.MapAsync$$anon$30.onPush(Ops.scala:1297)
	at akka.stream.impl.fusing.GraphInterpreter.processPush(GraphInterpreter.scala:541)
	at akka.stream.impl.fusing.GraphInterpreter.processEvent(GraphInterpreter.scala:495)
	at akka.stream.impl.fusing.GraphInterpreter.execute(GraphInterpreter.scala:390)
	at akka.stream.impl.fusing.GraphInterpreterShell.runBatch(ActorGraphInterpreter.scala:625)
	at akka.stream.impl.fusing.GraphInterpreterShell$AsyncInput.execute(ActorGraphInterpreter.scala:502)
	at akka.stream.impl.fusing.GraphInterpreterShell.processEvent(ActorGraphInterpreter.scala:600)
	at akka.stream.impl.fusing.ActorGraphInterpreter.akka$stream$impl$fusing$ActorGraphInterpreter$$processEvent(ActorGraphInterpreter.scala:775)
	at akka.stream.impl.fusing.ActorGraphInterpreter$$anonfun$receive$1.applyOrElse(ActorGraphInterpreter.scala:790)
	at akka.actor.Actor.aroundReceive(Actor.scala:537)
	at akka.actor.Actor.aroundReceive$(Actor.scala:535)
	at akka.stream.impl.fusing.ActorGraphInterpreter.aroundReceive(ActorGraphInterpreter.scala:691)
	at akka.actor.ActorCell.receiveMessage(ActorCell.scala:579)
	at akka.actor.ActorCell.invoke(ActorCell.scala:547)
	at akka.dispatch.Mailbox.processMailbox(Mailbox.scala:270)
	at akka.dispatch.Mailbox.run(Mailbox.scala:231)
	at akka.dispatch.Mailbox.exec(Mailbox.scala:243)
	at java.base/java.util.concurrent.ForkJoinTask.doExec(ForkJoinTask.java:290)
	at java.base/java.util.concurrent.ForkJoinPool$WorkQueue.topLevelExec(ForkJoinPool.java:1016)
	at java.base/java.util.concurrent.ForkJoinPool.scan(ForkJoinPool.java:1665)
	at java.base/java.util.concurrent.ForkJoinPool.runWorker(ForkJoinPool.java:1598)
	at java.base/java.util.concurrent.ForkJoinWorkerThread.run(ForkJoinWorkerThread.java:183)
2021-11-04 00:29:29,025 [ERROR] from play.api.http.DefaultHttpErrorHandler in play-dev-mode-akka.actor.default-dispatcher-52 - 

! @7lhod295c - Internal server error, for (GET) [/subreddit/huu] ->
 
play.sbt.PlayExceptions$CompilationException: Compilation error[cannot find symbol
  symbol:   method ok(java.lang.String)
  location: class controllers.SubRedditController]
	at play.sbt.PlayExceptions$CompilationException$.apply(PlayExceptions.scala:34)
	at play.sbt.PlayExceptions$CompilationException$.apply(PlayExceptions.scala:34)
	at scala.Option.map(Option.scala:230)
	at play.sbt.run.PlayReload$.$anonfun$taskFailureHandler$8(PlayReload.scala:131)
	at scala.Option.map(Option.scala:230)
	at play.sbt.run.PlayReload$.taskFailureHandler(PlayReload.scala:104)
	at play.sbt.run.PlayReload$.compileFailure(PlayReload.scala:38)
	at play.sbt.run.PlayReload$.$anonfun$compile$3(PlayReload.scala:156)
	at scala.util.Either$LeftProjection.map(Either.scala:573)
	at play.sbt.run.PlayReload$.compile(PlayReload.scala:156)
	at play.sbt.run.PlayRun$.$anonfun$playRunTask$4(PlayRun.scala:80)
	at play.runsupport.Reloader.$anonfun$reload$1(Reloader.scala:496)
	at play.runsupport.Reloader$$anon$1.run(Reloader.scala:57)
	at java.base/java.security.AccessController.doPrivileged(AccessController.java:391)
	at play.runsupport.Reloader$.play$runsupport$Reloader$$withReloaderContextClassLoader(Reloader.scala:63)
	at play.runsupport.Reloader.reload(Reloader.scala:496)
	at play.core.server.DevServerStart$$anon$1.get(DevServerStart.scala:147)
	at play.core.server.AkkaHttpServer.handleRequest(AkkaHttpServer.scala:302)
	at play.core.server.AkkaHttpServer.$anonfun$createServerBinding$1(AkkaHttpServer.scala:224)
	at akka.stream.impl.fusing.MapAsync$$anon$30.onPush(Ops.scala:1297)
	at akka.stream.impl.fusing.GraphInterpreter.processPush(GraphInterpreter.scala:541)
	at akka.stream.impl.fusing.GraphInterpreter.processEvent(GraphInterpreter.scala:495)
	at akka.stream.impl.fusing.GraphInterpreter.execute(GraphInterpreter.scala:390)
	at akka.stream.impl.fusing.GraphInterpreterShell.runBatch(ActorGraphInterpreter.scala:625)
	at akka.stream.impl.fusing.GraphInterpreterShell$AsyncInput.execute(ActorGraphInterpreter.scala:502)
	at akka.stream.impl.fusing.GraphInterpreterShell.processEvent(ActorGraphInterpreter.scala:600)
	at akka.stream.impl.fusing.ActorGraphInterpreter.akka$stream$impl$fusing$ActorGraphInterpreter$$processEvent(ActorGraphInterpreter.scala:775)
	at akka.stream.impl.fusing.ActorGraphInterpreter$$anonfun$receive$1.applyOrElse(ActorGraphInterpreter.scala:790)
	at akka.actor.Actor.aroundReceive(Actor.scala:537)
	at akka.actor.Actor.aroundReceive$(Actor.scala:535)
	at akka.stream.impl.fusing.ActorGraphInterpreter.aroundReceive(ActorGraphInterpreter.scala:691)
	at akka.actor.ActorCell.receiveMessage(ActorCell.scala:579)
	at akka.actor.ActorCell.invoke(ActorCell.scala:547)
	at akka.dispatch.Mailbox.processMailbox(Mailbox.scala:270)
	at akka.dispatch.Mailbox.run(Mailbox.scala:231)
	at akka.dispatch.Mailbox.exec(Mailbox.scala:243)
	at java.base/java.util.concurrent.ForkJoinTask.doExec(ForkJoinTask.java:290)
	at java.base/java.util.concurrent.ForkJoinPool$WorkQueue.topLevelExec(ForkJoinPool.java:1016)
	at java.base/java.util.concurrent.ForkJoinPool.scan(ForkJoinPool.java:1665)
	at java.base/java.util.concurrent.ForkJoinPool.runWorker(ForkJoinPool.java:1598)
	at java.base/java.util.concurrent.ForkJoinWorkerThread.run(ForkJoinWorkerThread.java:183)
2021-11-04 00:29:32,690 [ERROR] from play.api.http.DefaultHttpErrorHandler in play-dev-mode-akka.actor.default-dispatcher-52 - 

! @7lhod2egi - Internal server error, for (GET) [/subreddit/huu] ->
 
play.sbt.PlayExceptions$CompilationException: Compilation error[cannot find symbol
  symbol:   method ok(java.lang.String)
  location: class controllers.SubRedditController]
	at play.sbt.PlayExceptions$CompilationException$.apply(PlayExceptions.scala:34)
	at play.sbt.PlayExceptions$CompilationException$.apply(PlayExceptions.scala:34)
	at scala.Option.map(Option.scala:230)
	at play.sbt.run.PlayReload$.$anonfun$taskFailureHandler$8(PlayReload.scala:131)
	at scala.Option.map(Option.scala:230)
	at play.sbt.run.PlayReload$.taskFailureHandler(PlayReload.scala:104)
	at play.sbt.run.PlayReload$.compileFailure(PlayReload.scala:38)
	at play.sbt.run.PlayReload$.$anonfun$compile$3(PlayReload.scala:156)
	at scala.util.Either$LeftProjection.map(Either.scala:573)
	at play.sbt.run.PlayReload$.compile(PlayReload.scala:156)
	at play.sbt.run.PlayRun$.$anonfun$playRunTask$4(PlayRun.scala:80)
	at play.runsupport.Reloader.$anonfun$reload$1(Reloader.scala:496)
	at play.runsupport.Reloader$$anon$1.run(Reloader.scala:57)
	at java.base/java.security.AccessController.doPrivileged(AccessController.java:391)
	at play.runsupport.Reloader$.play$runsupport$Reloader$$withReloaderContextClassLoader(Reloader.scala:63)
	at play.runsupport.Reloader.reload(Reloader.scala:496)
	at play.core.server.DevServerStart$$anon$1.get(DevServerStart.scala:147)
	at play.core.server.AkkaHttpServer.handleRequest(AkkaHttpServer.scala:302)
	at play.core.server.AkkaHttpServer.$anonfun$createServerBinding$1(AkkaHttpServer.scala:224)
	at akka.stream.impl.fusing.MapAsync$$anon$30.onPush(Ops.scala:1297)
	at akka.stream.impl.fusing.GraphInterpreter.processPush(GraphInterpreter.scala:541)
	at akka.stream.impl.fusing.GraphInterpreter.processEvent(GraphInterpreter.scala:495)
	at akka.stream.impl.fusing.GraphInterpreter.execute(GraphInterpreter.scala:390)
	at akka.stream.impl.fusing.GraphInterpreterShell.runBatch(ActorGraphInterpreter.scala:625)
	at akka.stream.impl.fusing.GraphInterpreterShell$AsyncInput.execute(ActorGraphInterpreter.scala:502)
	at akka.stream.impl.fusing.GraphInterpreterShell.processEvent(ActorGraphInterpreter.scala:600)
	at akka.stream.impl.fusing.ActorGraphInterpreter.akka$stream$impl$fusing$ActorGraphInterpreter$$processEvent(ActorGraphInterpreter.scala:775)
	at akka.stream.impl.fusing.ActorGraphInterpreter$$anonfun$receive$1.applyOrElse(ActorGraphInterpreter.scala:790)
	at akka.actor.Actor.aroundReceive(Actor.scala:537)
	at akka.actor.Actor.aroundReceive$(Actor.scala:535)
	at akka.stream.impl.fusing.ActorGraphInterpreter.aroundReceive(ActorGraphInterpreter.scala:691)
	at akka.actor.ActorCell.receiveMessage(ActorCell.scala:579)
	at akka.actor.ActorCell.invoke(ActorCell.scala:547)
	at akka.dispatch.Mailbox.processMailbox(Mailbox.scala:270)
	at akka.dispatch.Mailbox.run(Mailbox.scala:231)
	at akka.dispatch.Mailbox.exec(Mailbox.scala:243)
	at java.base/java.util.concurrent.ForkJoinTask.doExec(ForkJoinTask.java:290)
	at java.base/java.util.concurrent.ForkJoinPool$WorkQueue.topLevelExec(ForkJoinPool.java:1016)
	at java.base/java.util.concurrent.ForkJoinPool.scan(ForkJoinPool.java:1665)
	at java.base/java.util.concurrent.ForkJoinPool.runWorker(ForkJoinPool.java:1598)
	at java.base/java.util.concurrent.ForkJoinWorkerThread.run(ForkJoinWorkerThread.java:183)
2021-11-04 00:29:36,749 [ERROR] from play.api.http.DefaultHttpErrorHandler in play-dev-mode-akka.actor.default-dispatcher-52 - 

! @7lhod2kgj - Internal server error, for (GET) [/subreddit/huu] ->
 
play.sbt.PlayExceptions$CompilationException: Compilation error[cannot find symbol
  symbol:   method ok(java.lang.String)
  location: class controllers.SubRedditController]
	at play.sbt.PlayExceptions$CompilationException$.apply(PlayExceptions.scala:34)
	at play.sbt.PlayExceptions$CompilationException$.apply(PlayExceptions.scala:34)
	at scala.Option.map(Option.scala:230)
	at play.sbt.run.PlayReload$.$anonfun$taskFailureHandler$8(PlayReload.scala:131)
	at scala.Option.map(Option.scala:230)
	at play.sbt.run.PlayReload$.taskFailureHandler(PlayReload.scala:104)
	at play.sbt.run.PlayReload$.compileFailure(PlayReload.scala:38)
	at play.sbt.run.PlayReload$.$anonfun$compile$3(PlayReload.scala:156)
	at scala.util.Either$LeftProjection.map(Either.scala:573)
	at play.sbt.run.PlayReload$.compile(PlayReload.scala:156)
	at play.sbt.run.PlayRun$.$anonfun$playRunTask$4(PlayRun.scala:80)
	at play.runsupport.Reloader.$anonfun$reload$1(Reloader.scala:496)
	at play.runsupport.Reloader$$anon$1.run(Reloader.scala:57)
	at java.base/java.security.AccessController.doPrivileged(AccessController.java:391)
	at play.runsupport.Reloader$.play$runsupport$Reloader$$withReloaderContextClassLoader(Reloader.scala:63)
	at play.runsupport.Reloader.reload(Reloader.scala:496)
	at play.core.server.DevServerStart$$anon$1.get(DevServerStart.scala:147)
	at play.core.server.AkkaHttpServer.handleRequest(AkkaHttpServer.scala:302)
	at play.core.server.AkkaHttpServer.$anonfun$createServerBinding$1(AkkaHttpServer.scala:224)
	at akka.stream.impl.fusing.MapAsync$$anon$30.onPush(Ops.scala:1297)
	at akka.stream.impl.fusing.GraphInterpreter.processPush(GraphInterpreter.scala:541)
	at akka.stream.impl.fusing.GraphInterpreter.processEvent(GraphInterpreter.scala:495)
	at akka.stream.impl.fusing.GraphInterpreter.execute(GraphInterpreter.scala:390)
	at akka.stream.impl.fusing.GraphInterpreterShell.runBatch(ActorGraphInterpreter.scala:625)
	at akka.stream.impl.fusing.GraphInterpreterShell$AsyncInput.execute(ActorGraphInterpreter.scala:502)
	at akka.stream.impl.fusing.GraphInterpreterShell.processEvent(ActorGraphInterpreter.scala:600)
	at akka.stream.impl.fusing.ActorGraphInterpreter.akka$stream$impl$fusing$ActorGraphInterpreter$$processEvent(ActorGraphInterpreter.scala:775)
	at akka.stream.impl.fusing.ActorGraphInterpreter$$anonfun$receive$1.applyOrElse(ActorGraphInterpreter.scala:790)
	at akka.actor.Actor.aroundReceive(Actor.scala:537)
	at akka.actor.Actor.aroundReceive$(Actor.scala:535)
	at akka.stream.impl.fusing.ActorGraphInterpreter.aroundReceive(ActorGraphInterpreter.scala:691)
	at akka.actor.ActorCell.receiveMessage(ActorCell.scala:579)
	at akka.actor.ActorCell.invoke(ActorCell.scala:547)
	at akka.dispatch.Mailbox.processMailbox(Mailbox.scala:270)
	at akka.dispatch.Mailbox.run(Mailbox.scala:231)
	at akka.dispatch.Mailbox.exec(Mailbox.scala:243)
	at java.base/java.util.concurrent.ForkJoinTask.doExec(ForkJoinTask.java:290)
	at java.base/java.util.concurrent.ForkJoinPool$WorkQueue.topLevelExec(ForkJoinPool.java:1016)
	at java.base/java.util.concurrent.ForkJoinPool.scan(ForkJoinPool.java:1665)
	at java.base/java.util.concurrent.ForkJoinPool.runWorker(ForkJoinPool.java:1598)
	at java.base/java.util.concurrent.ForkJoinWorkerThread.run(ForkJoinWorkerThread.java:183)
2021-11-04 00:31:53,964 [INFO] from play.api.http.EnabledFilters in play-dev-mode-akka.actor.default-dispatcher-51 - Enabled Filters (see <https://www.playframework.com/documentation/latest/Filters>):

    play.filters.csrf.CSRFFilter
    play.filters.headers.SecurityHeadersFilter
    play.filters.hosts.AllowedHostsFilter

2021-11-04 00:31:53,991 [INFO] from play.api.Play in play-dev-mode-akka.actor.default-dispatcher-51 - Application started (Dev) (no global state)
2021-11-04 00:36:00,300 [INFO] from play.api.http.EnabledFilters in play-dev-mode-akka.actor.default-dispatcher-58 - Enabled Filters (see <https://www.playframework.com/documentation/latest/Filters>):

    play.filters.csrf.CSRFFilter
    play.filters.headers.SecurityHeadersFilter
    play.filters.hosts.AllowedHostsFilter

2021-11-04 00:36:00,361 [INFO] from play.api.Play in play-dev-mode-akka.actor.default-dispatcher-58 - Application started (Dev) (no global state)
2021-11-04 00:36:20,940 [WARN] from play.filters.CSRF in play-dev-mode-akka.actor.default-dispatcher-62 - [CSRF] Check failed because no or invalid token found in body for /
2021-11-04 00:36:20,944 [WARN] from play.filters.CSRF in play-dev-mode-akka.actor.default-dispatcher-62 - [CSRF] Check failed with NoTokenInBody for /
2021-11-04 12:06:24,403 [INFO] from play.api.http.EnabledFilters in play-dev-mode-akka.actor.default-dispatcher-66 - Enabled Filters (see <https://www.playframework.com/documentation/latest/Filters>):

    play.filters.csrf.CSRFFilter
    play.filters.headers.SecurityHeadersFilter
    play.filters.hosts.AllowedHostsFilter

2021-11-04 12:06:24,438 [INFO] from play.api.Play in play-dev-mode-akka.actor.default-dispatcher-66 - Application started (Dev) (no global state)
2021-11-04 12:06:28,242 [WARN] from play.filters.CSRF in play-dev-mode-akka.actor.default-dispatcher-66 - [CSRF] Check failed because no or invalid token found in body for /
2021-11-04 12:06:28,246 [WARN] from play.filters.CSRF in play-dev-mode-akka.actor.default-dispatcher-66 - [CSRF] Check failed with NoTokenInBody for /
2021-11-04 12:24:41,630 [INFO] from play.api.http.EnabledFilters in play-dev-mode-akka.actor.default-dispatcher-75 - Enabled Filters (see <https://www.playframework.com/documentation/latest/Filters>):

    play.filters.csrf.CSRFFilter
    play.filters.headers.SecurityHeadersFilter
    play.filters.hosts.AllowedHostsFilter

2021-11-04 12:24:41,660 [INFO] from play.api.Play in play-dev-mode-akka.actor.default-dispatcher-75 - Application started (Dev) (no global state)
2021-11-04 13:34:59,911 [ERROR] from play.api.http.DefaultHttpErrorHandler in play-dev-mode-akka.actor.default-dispatcher-86 - 

! @7li2c5n48 - Internal server error, for (GET) [/home] ->
 
play.sbt.PlayExceptions$CompilationException: Compilation error[identifier expected but `{` found.]
	at play.sbt.PlayExceptions$CompilationException$.apply(PlayExceptions.scala:34)
	at play.sbt.PlayExceptions$CompilationException$.apply(PlayExceptions.scala:34)
	at scala.Option.map(Option.scala:230)
	at play.sbt.run.PlayReload$.$anonfun$taskFailureHandler$8(PlayReload.scala:131)
	at scala.Option.map(Option.scala:230)
	at play.sbt.run.PlayReload$.taskFailureHandler(PlayReload.scala:104)
	at play.sbt.run.PlayReload$.compileFailure(PlayReload.scala:38)
	at play.sbt.run.PlayReload$.$anonfun$compile$3(PlayReload.scala:156)
	at scala.util.Either$LeftProjection.map(Either.scala:573)
	at play.sbt.run.PlayReload$.compile(PlayReload.scala:156)
	at play.sbt.run.PlayRun$.$anonfun$playRunTask$4(PlayRun.scala:80)
	at play.runsupport.Reloader.$anonfun$reload$1(Reloader.scala:496)
	at play.runsupport.Reloader$$anon$1.run(Reloader.scala:57)
	at java.base/java.security.AccessController.doPrivileged(AccessController.java:391)
	at play.runsupport.Reloader$.play$runsupport$Reloader$$withReloaderContextClassLoader(Reloader.scala:63)
	at play.runsupport.Reloader.reload(Reloader.scala:496)
	at play.core.server.DevServerStart$$anon$1.get(DevServerStart.scala:147)
	at play.core.server.AkkaHttpServer.handleRequest(AkkaHttpServer.scala:302)
	at play.core.server.AkkaHttpServer.$anonfun$createServerBinding$1(AkkaHttpServer.scala:224)
	at akka.stream.impl.fusing.MapAsync$$anon$30.onPush(Ops.scala:1297)
	at akka.stream.impl.fusing.GraphInterpreter.processPush(GraphInterpreter.scala:541)
	at akka.stream.impl.fusing.GraphInterpreter.processEvent(GraphInterpreter.scala:495)
	at akka.stream.impl.fusing.GraphInterpreter.execute(GraphInterpreter.scala:390)
	at akka.stream.impl.fusing.GraphInterpreterShell.runBatch(ActorGraphInterpreter.scala:625)
	at akka.stream.impl.fusing.GraphInterpreterShell$AsyncInput.execute(ActorGraphInterpreter.scala:502)
	at akka.stream.impl.fusing.GraphInterpreterShell.processEvent(ActorGraphInterpreter.scala:600)
	at akka.stream.impl.fusing.ActorGraphInterpreter.akka$stream$impl$fusing$ActorGraphInterpreter$$processEvent(ActorGraphInterpreter.scala:775)
	at akka.stream.impl.fusing.ActorGraphInterpreter$$anonfun$receive$1.applyOrElse(ActorGraphInterpreter.scala:790)
	at akka.actor.Actor.aroundReceive(Actor.scala:537)
	at akka.actor.Actor.aroundReceive$(Actor.scala:535)
	at akka.stream.impl.fusing.ActorGraphInterpreter.aroundReceive(ActorGraphInterpreter.scala:691)
	at akka.actor.ActorCell.receiveMessage(ActorCell.scala:579)
	at akka.actor.ActorCell.invoke(ActorCell.scala:547)
	at akka.dispatch.Mailbox.processMailbox(Mailbox.scala:270)
	at akka.dispatch.Mailbox.run(Mailbox.scala:231)
	at akka.dispatch.Mailbox.exec(Mailbox.scala:243)
	at java.base/java.util.concurrent.ForkJoinTask.doExec(ForkJoinTask.java:290)
	at java.base/java.util.concurrent.ForkJoinPool$WorkQueue.topLevelExec(ForkJoinPool.java:1016)
	at java.base/java.util.concurrent.ForkJoinPool.scan(ForkJoinPool.java:1665)
	at java.base/java.util.concurrent.ForkJoinPool.runWorker(ForkJoinPool.java:1598)
	at java.base/java.util.concurrent.ForkJoinWorkerThread.run(ForkJoinWorkerThread.java:183)
2021-11-04 13:35:05,035 [ERROR] from play.api.http.DefaultHttpErrorHandler in play-dev-mode-akka.actor.default-dispatcher-79 - 

! @7li2c650m - Internal server error, for (GET) [/home] ->
 
play.sbt.PlayExceptions$CompilationException: Compilation error[identifier expected but `{` found.]
	at play.sbt.PlayExceptions$CompilationException$.apply(PlayExceptions.scala:34)
	at play.sbt.PlayExceptions$CompilationException$.apply(PlayExceptions.scala:34)
	at scala.Option.map(Option.scala:230)
	at play.sbt.run.PlayReload$.$anonfun$taskFailureHandler$8(PlayReload.scala:131)
	at scala.Option.map(Option.scala:230)
	at play.sbt.run.PlayReload$.taskFailureHandler(PlayReload.scala:104)
	at play.sbt.run.PlayReload$.compileFailure(PlayReload.scala:38)
	at play.sbt.run.PlayReload$.$anonfun$compile$3(PlayReload.scala:156)
	at scala.util.Either$LeftProjection.map(Either.scala:573)
	at play.sbt.run.PlayReload$.compile(PlayReload.scala:156)
	at play.sbt.run.PlayRun$.$anonfun$playRunTask$4(PlayRun.scala:80)
	at play.runsupport.Reloader.$anonfun$reload$1(Reloader.scala:496)
	at play.runsupport.Reloader$$anon$1.run(Reloader.scala:57)
	at java.base/java.security.AccessController.doPrivileged(AccessController.java:391)
	at play.runsupport.Reloader$.play$runsupport$Reloader$$withReloaderContextClassLoader(Reloader.scala:63)
	at play.runsupport.Reloader.reload(Reloader.scala:496)
	at play.core.server.DevServerStart$$anon$1.get(DevServerStart.scala:147)
	at play.core.server.AkkaHttpServer.handleRequest(AkkaHttpServer.scala:302)
	at play.core.server.AkkaHttpServer.$anonfun$createServerBinding$1(AkkaHttpServer.scala:224)
	at akka.stream.impl.fusing.MapAsync$$anon$30.onPush(Ops.scala:1297)
	at akka.stream.impl.fusing.GraphInterpreter.processPush(GraphInterpreter.scala:541)
	at akka.stream.impl.fusing.GraphInterpreter.processEvent(GraphInterpreter.scala:495)
	at akka.stream.impl.fusing.GraphInterpreter.execute(GraphInterpreter.scala:390)
	at akka.stream.impl.fusing.GraphInterpreterShell.runBatch(ActorGraphInterpreter.scala:625)
	at akka.stream.impl.fusing.GraphInterpreterShell$AsyncInput.execute(ActorGraphInterpreter.scala:502)
	at akka.stream.impl.fusing.GraphInterpreterShell.processEvent(ActorGraphInterpreter.scala:600)
	at akka.stream.impl.fusing.ActorGraphInterpreter.akka$stream$impl$fusing$ActorGraphInterpreter$$processEvent(ActorGraphInterpreter.scala:775)
	at akka.stream.impl.fusing.ActorGraphInterpreter$$anonfun$receive$1.applyOrElse(ActorGraphInterpreter.scala:790)
	at akka.actor.Actor.aroundReceive(Actor.scala:537)
	at akka.actor.Actor.aroundReceive$(Actor.scala:535)
	at akka.stream.impl.fusing.ActorGraphInterpreter.aroundReceive(ActorGraphInterpreter.scala:691)
	at akka.actor.ActorCell.receiveMessage(ActorCell.scala:579)
	at akka.actor.ActorCell.invoke(ActorCell.scala:547)
	at akka.dispatch.Mailbox.processMailbox(Mailbox.scala:270)
	at akka.dispatch.Mailbox.run(Mailbox.scala:231)
	at akka.dispatch.Mailbox.exec(Mailbox.scala:243)
	at java.base/java.util.concurrent.ForkJoinTask.doExec(ForkJoinTask.java:290)
	at java.base/java.util.concurrent.ForkJoinPool$WorkQueue.topLevelExec(ForkJoinPool.java:1016)
	at java.base/java.util.concurrent.ForkJoinPool.scan(ForkJoinPool.java:1665)
	at java.base/java.util.concurrent.ForkJoinPool.runWorker(ForkJoinPool.java:1598)
	at java.base/java.util.concurrent.ForkJoinWorkerThread.run(ForkJoinWorkerThread.java:183)
2021-11-04 18:13:47,049 [ERROR] from play.api.http.DefaultHttpErrorHandler in play-dev-mode-akka.actor.default-dispatcher-90 - 

! @7li3mlfj6 - Internal server error, for (GET) [/home] ->
 
play.sbt.PlayExceptions$CompilationException: Compilation error[not found: value subreddit_name]
	at play.sbt.PlayExceptions$CompilationException$.apply(PlayExceptions.scala:34)
	at play.sbt.PlayExceptions$CompilationException$.apply(PlayExceptions.scala:34)
	at scala.Option.map(Option.scala:230)
	at play.sbt.run.PlayReload$.$anonfun$taskFailureHandler$8(PlayReload.scala:131)
	at scala.Option.map(Option.scala:230)
	at play.sbt.run.PlayReload$.taskFailureHandler(PlayReload.scala:104)
	at play.sbt.run.PlayReload$.compileFailure(PlayReload.scala:38)
	at play.sbt.run.PlayReload$.$anonfun$compile$3(PlayReload.scala:156)
	at scala.util.Either$LeftProjection.map(Either.scala:573)
	at play.sbt.run.PlayReload$.compile(PlayReload.scala:156)
	at play.sbt.run.PlayRun$.$anonfun$playRunTask$4(PlayRun.scala:80)
	at play.runsupport.Reloader.$anonfun$reload$1(Reloader.scala:496)
	at play.runsupport.Reloader$$anon$1.run(Reloader.scala:57)
	at java.base/java.security.AccessController.doPrivileged(AccessController.java:391)
	at play.runsupport.Reloader$.play$runsupport$Reloader$$withReloaderContextClassLoader(Reloader.scala:63)
	at play.runsupport.Reloader.reload(Reloader.scala:496)
	at play.core.server.DevServerStart$$anon$1.get(DevServerStart.scala:147)
	at play.core.server.AkkaHttpServer.handleRequest(AkkaHttpServer.scala:302)
	at play.core.server.AkkaHttpServer.$anonfun$createServerBinding$1(AkkaHttpServer.scala:224)
	at akka.stream.impl.fusing.MapAsync$$anon$30.onPush(Ops.scala:1297)
	at akka.stream.impl.fusing.GraphInterpreter.processPush(GraphInterpreter.scala:541)
	at akka.stream.impl.fusing.GraphInterpreter.processEvent(GraphInterpreter.scala:495)
	at akka.stream.impl.fusing.GraphInterpreter.execute(GraphInterpreter.scala:390)
	at akka.stream.impl.fusing.GraphInterpreterShell.runBatch(ActorGraphInterpreter.scala:625)
	at akka.stream.impl.fusing.GraphInterpreterShell$AsyncInput.execute(ActorGraphInterpreter.scala:502)
	at akka.stream.impl.fusing.GraphInterpreterShell.processEvent(ActorGraphInterpreter.scala:600)
	at akka.stream.impl.fusing.ActorGraphInterpreter.akka$stream$impl$fusing$ActorGraphInterpreter$$processEvent(ActorGraphInterpreter.scala:775)
	at akka.stream.impl.fusing.ActorGraphInterpreter$$anonfun$receive$1.applyOrElse(ActorGraphInterpreter.scala:790)
	at akka.actor.Actor.aroundReceive(Actor.scala:537)
	at akka.actor.Actor.aroundReceive$(Actor.scala:535)
	at akka.stream.impl.fusing.ActorGraphInterpreter.aroundReceive(ActorGraphInterpreter.scala:691)
	at akka.actor.ActorCell.receiveMessage(ActorCell.scala:579)
	at akka.actor.ActorCell.invoke(ActorCell.scala:547)
	at akka.dispatch.Mailbox.processMailbox(Mailbox.scala:270)
	at akka.dispatch.Mailbox.run(Mailbox.scala:231)
	at akka.dispatch.Mailbox.exec(Mailbox.scala:243)
	at java.base/java.util.concurrent.ForkJoinTask.doExec(ForkJoinTask.java:290)
	at java.base/java.util.concurrent.ForkJoinPool$WorkQueue.topLevelExec(ForkJoinPool.java:1016)
	at java.base/java.util.concurrent.ForkJoinPool.scan(ForkJoinPool.java:1665)
	at java.base/java.util.concurrent.ForkJoinPool.runWorker(ForkJoinPool.java:1598)
	at java.base/java.util.concurrent.ForkJoinWorkerThread.run(ForkJoinWorkerThread.java:183)
2021-11-04 18:14:21,405 [ERROR] from play.api.http.DefaultHttpErrorHandler in play-dev-mode-akka.actor.default-dispatcher-91 - 

! @7li3mneeh - Internal server error, for (GET) [/home] ->
 
play.sbt.PlayExceptions$CompilationException: Compilation error[not found: value subreddit_name]
	at play.sbt.PlayExceptions$CompilationException$.apply(PlayExceptions.scala:34)
	at play.sbt.PlayExceptions$CompilationException$.apply(PlayExceptions.scala:34)
	at scala.Option.map(Option.scala:230)
	at play.sbt.run.PlayReload$.$anonfun$taskFailureHandler$8(PlayReload.scala:131)
	at scala.Option.map(Option.scala:230)
	at play.sbt.run.PlayReload$.taskFailureHandler(PlayReload.scala:104)
	at play.sbt.run.PlayReload$.compileFailure(PlayReload.scala:38)
	at play.sbt.run.PlayReload$.$anonfun$compile$3(PlayReload.scala:156)
	at scala.util.Either$LeftProjection.map(Either.scala:573)
	at play.sbt.run.PlayReload$.compile(PlayReload.scala:156)
	at play.sbt.run.PlayRun$.$anonfun$playRunTask$4(PlayRun.scala:80)
	at play.runsupport.Reloader.$anonfun$reload$1(Reloader.scala:496)
	at play.runsupport.Reloader$$anon$1.run(Reloader.scala:57)
	at java.base/java.security.AccessController.doPrivileged(AccessController.java:391)
	at play.runsupport.Reloader$.play$runsupport$Reloader$$withReloaderContextClassLoader(Reloader.scala:63)
	at play.runsupport.Reloader.reload(Reloader.scala:496)
	at play.core.server.DevServerStart$$anon$1.get(DevServerStart.scala:147)
	at play.core.server.AkkaHttpServer.handleRequest(AkkaHttpServer.scala:302)
	at play.core.server.AkkaHttpServer.$anonfun$createServerBinding$1(AkkaHttpServer.scala:224)
	at akka.stream.impl.fusing.MapAsync$$anon$30.onPush(Ops.scala:1297)
	at akka.stream.impl.fusing.GraphInterpreter.processPush(GraphInterpreter.scala:541)
	at akka.stream.impl.fusing.GraphInterpreter.processEvent(GraphInterpreter.scala:495)
	at akka.stream.impl.fusing.GraphInterpreter.execute(GraphInterpreter.scala:390)
	at akka.stream.impl.fusing.GraphInterpreterShell.runBatch(ActorGraphInterpreter.scala:625)
	at akka.stream.impl.fusing.GraphInterpreterShell$AsyncInput.execute(ActorGraphInterpreter.scala:502)
	at akka.stream.impl.fusing.GraphInterpreterShell.processEvent(ActorGraphInterpreter.scala:600)
	at akka.stream.impl.fusing.ActorGraphInterpreter.akka$stream$impl$fusing$ActorGraphInterpreter$$processEvent(ActorGraphInterpreter.scala:775)
	at akka.stream.impl.fusing.ActorGraphInterpreter$$anonfun$receive$1.applyOrElse(ActorGraphInterpreter.scala:790)
	at akka.actor.Actor.aroundReceive(Actor.scala:537)
	at akka.actor.Actor.aroundReceive$(Actor.scala:535)
	at akka.stream.impl.fusing.ActorGraphInterpreter.aroundReceive(ActorGraphInterpreter.scala:691)
	at akka.actor.ActorCell.receiveMessage(ActorCell.scala:579)
	at akka.actor.ActorCell.invoke(ActorCell.scala:547)
	at akka.dispatch.Mailbox.processMailbox(Mailbox.scala:270)
	at akka.dispatch.Mailbox.run(Mailbox.scala:231)
	at akka.dispatch.Mailbox.exec(Mailbox.scala:243)
	at java.base/java.util.concurrent.ForkJoinTask.doExec(ForkJoinTask.java:290)
	at java.base/java.util.concurrent.ForkJoinPool$WorkQueue.topLevelExec(ForkJoinPool.java:1016)
	at java.base/java.util.concurrent.ForkJoinPool.scan(ForkJoinPool.java:1665)
	at java.base/java.util.concurrent.ForkJoinPool.runWorker(ForkJoinPool.java:1598)
	at java.base/java.util.concurrent.ForkJoinWorkerThread.run(ForkJoinWorkerThread.java:183)
2021-11-04 18:14:39,073 [INFO] from play.api.http.EnabledFilters in play-dev-mode-akka.actor.default-dispatcher-85 - Enabled Filters (see <https://www.playframework.com/documentation/latest/Filters>):

    play.filters.csrf.CSRFFilter
    play.filters.headers.SecurityHeadersFilter
    play.filters.hosts.AllowedHostsFilter

2021-11-04 18:14:39,099 [INFO] from play.api.Play in play-dev-mode-akka.actor.default-dispatcher-85 - Application started (Dev) (no global state)
2021-11-04 18:17:30,039 [INFO] from play.api.http.EnabledFilters in play-dev-mode-akka.actor.default-dispatcher-85 - Enabled Filters (see <https://www.playframework.com/documentation/latest/Filters>):

    play.filters.csrf.CSRFFilter
    play.filters.headers.SecurityHeadersFilter
    play.filters.hosts.AllowedHostsFilter

2021-11-04 18:17:30,051 [INFO] from play.api.Play in play-dev-mode-akka.actor.default-dispatcher-85 - Application started (Dev) (no global state)
2021-11-04 18:25:28,993 [INFO] from play.api.http.EnabledFilters in play-dev-mode-akka.actor.default-dispatcher-91 - Enabled Filters (see <https://www.playframework.com/documentation/latest/Filters>):

    play.filters.csrf.CSRFFilter
    play.filters.headers.SecurityHeadersFilter
    play.filters.hosts.AllowedHostsFilter

2021-11-04 18:25:29,017 [INFO] from play.api.Play in play-dev-mode-akka.actor.default-dispatcher-91 - Application started (Dev) (no global state)
2021-11-04 19:00:54,042 [INFO] from play.api.http.EnabledFilters in play-dev-mode-akka.actor.default-dispatcher-105 - Enabled Filters (see <https://www.playframework.com/documentation/latest/Filters>):

    play.filters.csrf.CSRFFilter
    play.filters.headers.SecurityHeadersFilter
    play.filters.hosts.AllowedHostsFilter

2021-11-04 19:00:54,068 [INFO] from play.api.Play in play-dev-mode-akka.actor.default-dispatcher-105 - Application started (Dev) (no global state)
2021-11-04 19:25:14,243 [ERROR] from play.api.http.DefaultHttpErrorHandler in play-dev-mode-akka.actor.default-dispatcher-111 - 

! @7li465dd1 - Internal server error, for (GET) [/subreddit/routes.SubredditController.redirect_to_subreddit(subreddit.reddit_id)] ->
 
play.sbt.PlayExceptions$CompilationException: Compilation error[illegal start of expression]
	at play.sbt.PlayExceptions$CompilationException$.apply(PlayExceptions.scala:34)
	at play.sbt.PlayExceptions$CompilationException$.apply(PlayExceptions.scala:34)
	at scala.Option.map(Option.scala:230)
	at play.sbt.run.PlayReload$.$anonfun$taskFailureHandler$8(PlayReload.scala:131)
	at scala.Option.map(Option.scala:230)
	at play.sbt.run.PlayReload$.taskFailureHandler(PlayReload.scala:104)
	at play.sbt.run.PlayReload$.compileFailure(PlayReload.scala:38)
	at play.sbt.run.PlayReload$.$anonfun$compile$3(PlayReload.scala:156)
	at scala.util.Either$LeftProjection.map(Either.scala:573)
	at play.sbt.run.PlayReload$.compile(PlayReload.scala:156)
	at play.sbt.run.PlayRun$.$anonfun$playRunTask$4(PlayRun.scala:80)
	at play.runsupport.Reloader.$anonfun$reload$1(Reloader.scala:496)
	at play.runsupport.Reloader$$anon$1.run(Reloader.scala:57)
	at java.base/java.security.AccessController.doPrivileged(AccessController.java:391)
	at play.runsupport.Reloader$.play$runsupport$Reloader$$withReloaderContextClassLoader(Reloader.scala:63)
	at play.runsupport.Reloader.reload(Reloader.scala:496)
	at play.core.server.DevServerStart$$anon$1.get(DevServerStart.scala:147)
	at play.core.server.AkkaHttpServer.handleRequest(AkkaHttpServer.scala:302)
	at play.core.server.AkkaHttpServer.$anonfun$createServerBinding$1(AkkaHttpServer.scala:224)
	at akka.stream.impl.fusing.MapAsync$$anon$30.onPush(Ops.scala:1297)
	at akka.stream.impl.fusing.GraphInterpreter.processPush(GraphInterpreter.scala:541)
	at akka.stream.impl.fusing.GraphInterpreter.processEvent(GraphInterpreter.scala:495)
	at akka.stream.impl.fusing.GraphInterpreter.execute(GraphInterpreter.scala:390)
	at akka.stream.impl.fusing.GraphInterpreterShell.runBatch(ActorGraphInterpreter.scala:625)
	at akka.stream.impl.fusing.GraphInterpreterShell$AsyncInput.execute(ActorGraphInterpreter.scala:502)
	at akka.stream.impl.fusing.GraphInterpreterShell.processEvent(ActorGraphInterpreter.scala:600)
	at akka.stream.impl.fusing.ActorGraphInterpreter.akka$stream$impl$fusing$ActorGraphInterpreter$$processEvent(ActorGraphInterpreter.scala:775)
	at akka.stream.impl.fusing.ActorGraphInterpreter$$anonfun$receive$1.applyOrElse(ActorGraphInterpreter.scala:790)
	at akka.actor.Actor.aroundReceive(Actor.scala:537)
	at akka.actor.Actor.aroundReceive$(Actor.scala:535)
	at akka.stream.impl.fusing.ActorGraphInterpreter.aroundReceive(ActorGraphInterpreter.scala:691)
	at akka.actor.ActorCell.receiveMessage(ActorCell.scala:579)
	at akka.actor.ActorCell.invoke(ActorCell.scala:547)
	at akka.dispatch.Mailbox.processMailbox(Mailbox.scala:270)
	at akka.dispatch.Mailbox.run(Mailbox.scala:231)
	at akka.dispatch.Mailbox.exec(Mailbox.scala:243)
	at java.base/java.util.concurrent.ForkJoinTask.doExec(ForkJoinTask.java:290)
	at java.base/java.util.concurrent.ForkJoinPool$WorkQueue.topLevelExec(ForkJoinPool.java:1016)
	at java.base/java.util.concurrent.ForkJoinPool.scan(ForkJoinPool.java:1665)
	at java.base/java.util.concurrent.ForkJoinPool.runWorker(ForkJoinPool.java:1598)
	at java.base/java.util.concurrent.ForkJoinWorkerThread.run(ForkJoinWorkerThread.java:183)
2021-11-04 19:25:18,605 [ERROR] from play.api.http.DefaultHttpErrorHandler in play-dev-mode-akka.actor.default-dispatcher-111 - 

! @7li465k51 - Internal server error, for (GET) [/subreddit/huuu] ->
 
play.sbt.PlayExceptions$CompilationException: Compilation error[illegal start of expression]
	at play.sbt.PlayExceptions$CompilationException$.apply(PlayExceptions.scala:34)
	at play.sbt.PlayExceptions$CompilationException$.apply(PlayExceptions.scala:34)
	at scala.Option.map(Option.scala:230)
	at play.sbt.run.PlayReload$.$anonfun$taskFailureHandler$8(PlayReload.scala:131)
	at scala.Option.map(Option.scala:230)
	at play.sbt.run.PlayReload$.taskFailureHandler(PlayReload.scala:104)
	at play.sbt.run.PlayReload$.compileFailure(PlayReload.scala:38)
	at play.sbt.run.PlayReload$.$anonfun$compile$3(PlayReload.scala:156)
	at scala.util.Either$LeftProjection.map(Either.scala:573)
	at play.sbt.run.PlayReload$.compile(PlayReload.scala:156)
	at play.sbt.run.PlayRun$.$anonfun$playRunTask$4(PlayRun.scala:80)
	at play.runsupport.Reloader.$anonfun$reload$1(Reloader.scala:496)
	at play.runsupport.Reloader$$anon$1.run(Reloader.scala:57)
	at java.base/java.security.AccessController.doPrivileged(AccessController.java:391)
	at play.runsupport.Reloader$.play$runsupport$Reloader$$withReloaderContextClassLoader(Reloader.scala:63)
	at play.runsupport.Reloader.reload(Reloader.scala:496)
	at play.core.server.DevServerStart$$anon$1.get(DevServerStart.scala:147)
	at play.core.server.AkkaHttpServer.handleRequest(AkkaHttpServer.scala:302)
	at play.core.server.AkkaHttpServer.$anonfun$createServerBinding$1(AkkaHttpServer.scala:224)
	at akka.stream.impl.fusing.MapAsync$$anon$30.onPush(Ops.scala:1297)
	at akka.stream.impl.fusing.GraphInterpreter.processPush(GraphInterpreter.scala:541)
	at akka.stream.impl.fusing.GraphInterpreter.processEvent(GraphInterpreter.scala:495)
	at akka.stream.impl.fusing.GraphInterpreter.execute(GraphInterpreter.scala:390)
	at akka.stream.impl.fusing.GraphInterpreterShell.runBatch(ActorGraphInterpreter.scala:625)
	at akka.stream.impl.fusing.GraphInterpreterShell$AsyncInput.execute(ActorGraphInterpreter.scala:502)
	at akka.stream.impl.fusing.GraphInterpreterShell.processEvent(ActorGraphInterpreter.scala:600)
	at akka.stream.impl.fusing.ActorGraphInterpreter.akka$stream$impl$fusing$ActorGraphInterpreter$$processEvent(ActorGraphInterpreter.scala:775)
	at akka.stream.impl.fusing.ActorGraphInterpreter$$anonfun$receive$1.applyOrElse(ActorGraphInterpreter.scala:790)
	at akka.actor.Actor.aroundReceive(Actor.scala:537)
	at akka.actor.Actor.aroundReceive$(Actor.scala:535)
	at akka.stream.impl.fusing.ActorGraphInterpreter.aroundReceive(ActorGraphInterpreter.scala:691)
	at akka.actor.ActorCell.receiveMessage(ActorCell.scala:579)
	at akka.actor.ActorCell.invoke(ActorCell.scala:547)
	at akka.dispatch.Mailbox.processMailbox(Mailbox.scala:270)
	at akka.dispatch.Mailbox.run(Mailbox.scala:231)
	at akka.dispatch.Mailbox.exec(Mailbox.scala:243)
	at java.base/java.util.concurrent.ForkJoinTask.doExec(ForkJoinTask.java:290)
	at java.base/java.util.concurrent.ForkJoinPool$WorkQueue.topLevelExec(ForkJoinPool.java:1016)
	at java.base/java.util.concurrent.ForkJoinPool.scan(ForkJoinPool.java:1665)
	at java.base/java.util.concurrent.ForkJoinPool.runWorker(ForkJoinPool.java:1598)
	at java.base/java.util.concurrent.ForkJoinWorkerThread.run(ForkJoinWorkerThread.java:183)
2021-11-04 19:25:21,758 [ERROR] from play.api.http.DefaultHttpErrorHandler in play-dev-mode-akka.actor.default-dispatcher-111 - 

! @7li465omk - Internal server error, for (GET) [/subreddit/huuu] ->
 
play.sbt.PlayExceptions$CompilationException: Compilation error[illegal start of expression]
	at play.sbt.PlayExceptions$CompilationException$.apply(PlayExceptions.scala:34)
	at play.sbt.PlayExceptions$CompilationException$.apply(PlayExceptions.scala:34)
	at scala.Option.map(Option.scala:230)
	at play.sbt.run.PlayReload$.$anonfun$taskFailureHandler$8(PlayReload.scala:131)
	at scala.Option.map(Option.scala:230)
	at play.sbt.run.PlayReload$.taskFailureHandler(PlayReload.scala:104)
	at play.sbt.run.PlayReload$.compileFailure(PlayReload.scala:38)
	at play.sbt.run.PlayReload$.$anonfun$compile$3(PlayReload.scala:156)
	at scala.util.Either$LeftProjection.map(Either.scala:573)
	at play.sbt.run.PlayReload$.compile(PlayReload.scala:156)
	at play.sbt.run.PlayRun$.$anonfun$playRunTask$4(PlayRun.scala:80)
	at play.runsupport.Reloader.$anonfun$reload$1(Reloader.scala:496)
	at play.runsupport.Reloader$$anon$1.run(Reloader.scala:57)
	at java.base/java.security.AccessController.doPrivileged(AccessController.java:391)
	at play.runsupport.Reloader$.play$runsupport$Reloader$$withReloaderContextClassLoader(Reloader.scala:63)
	at play.runsupport.Reloader.reload(Reloader.scala:496)
	at play.core.server.DevServerStart$$anon$1.get(DevServerStart.scala:147)
	at play.core.server.AkkaHttpServer.handleRequest(AkkaHttpServer.scala:302)
	at play.core.server.AkkaHttpServer.$anonfun$createServerBinding$1(AkkaHttpServer.scala:224)
	at akka.stream.impl.fusing.MapAsync$$anon$30.onPush(Ops.scala:1297)
	at akka.stream.impl.fusing.GraphInterpreter.processPush(GraphInterpreter.scala:541)
	at akka.stream.impl.fusing.GraphInterpreter.processEvent(GraphInterpreter.scala:495)
	at akka.stream.impl.fusing.GraphInterpreter.execute(GraphInterpreter.scala:390)
	at akka.stream.impl.fusing.GraphInterpreterShell.runBatch(ActorGraphInterpreter.scala:625)
	at akka.stream.impl.fusing.GraphInterpreterShell$AsyncInput.execute(ActorGraphInterpreter.scala:502)
	at akka.stream.impl.fusing.GraphInterpreterShell.processEvent(ActorGraphInterpreter.scala:600)
	at akka.stream.impl.fusing.ActorGraphInterpreter.akka$stream$impl$fusing$ActorGraphInterpreter$$processEvent(ActorGraphInterpreter.scala:775)
	at akka.stream.impl.fusing.ActorGraphInterpreter$$anonfun$receive$1.applyOrElse(ActorGraphInterpreter.scala:790)
	at akka.actor.Actor.aroundReceive(Actor.scala:537)
	at akka.actor.Actor.aroundReceive$(Actor.scala:535)
	at akka.stream.impl.fusing.ActorGraphInterpreter.aroundReceive(ActorGraphInterpreter.scala:691)
	at akka.actor.ActorCell.receiveMessage(ActorCell.scala:579)
	at akka.actor.ActorCell.invoke(ActorCell.scala:547)
	at akka.dispatch.Mailbox.processMailbox(Mailbox.scala:270)
	at akka.dispatch.Mailbox.run(Mailbox.scala:231)
	at akka.dispatch.Mailbox.exec(Mailbox.scala:243)
	at java.base/java.util.concurrent.ForkJoinTask.doExec(ForkJoinTask.java:290)
	at java.base/java.util.concurrent.ForkJoinPool$WorkQueue.topLevelExec(ForkJoinPool.java:1016)
	at java.base/java.util.concurrent.ForkJoinPool.scan(ForkJoinPool.java:1665)
	at java.base/java.util.concurrent.ForkJoinPool.runWorker(ForkJoinPool.java:1598)
	at java.base/java.util.concurrent.ForkJoinWorkerThread.run(ForkJoinWorkerThread.java:183)
2021-11-04 19:43:43,022 [ERROR] from play.api.http.DefaultHttpErrorHandler in play-dev-mode-akka.actor.default-dispatcher-125 - 

! @7li48gfo1 - Internal server error, for (GET) [/subreddit/routes.SubredditController.redirect_to_subreddit(subreddit.reddit_id)] ->
 
play.sbt.PlayExceptions$CompilationException: Compilation error[package play.libs.ws does not exist]
	at play.sbt.PlayExceptions$CompilationException$.apply(PlayExceptions.scala:34)
	at play.sbt.PlayExceptions$CompilationException$.apply(PlayExceptions.scala:34)
	at scala.Option.map(Option.scala:230)
	at play.sbt.run.PlayReload$.$anonfun$taskFailureHandler$8(PlayReload.scala:131)
	at scala.Option.map(Option.scala:230)
	at play.sbt.run.PlayReload$.taskFailureHandler(PlayReload.scala:104)
	at play.sbt.run.PlayReload$.compileFailure(PlayReload.scala:38)
	at play.sbt.run.PlayReload$.$anonfun$compile$3(PlayReload.scala:156)
	at scala.util.Either$LeftProjection.map(Either.scala:573)
	at play.sbt.run.PlayReload$.compile(PlayReload.scala:156)
	at play.sbt.run.PlayRun$.$anonfun$playRunTask$4(PlayRun.scala:80)
	at play.runsupport.Reloader.$anonfun$reload$1(Reloader.scala:496)
	at play.runsupport.Reloader$$anon$1.run(Reloader.scala:57)
	at java.base/java.security.AccessController.doPrivileged(AccessController.java:391)
	at play.runsupport.Reloader$.play$runsupport$Reloader$$withReloaderContextClassLoader(Reloader.scala:63)
	at play.runsupport.Reloader.reload(Reloader.scala:496)
	at play.core.server.DevServerStart$$anon$1.get(DevServerStart.scala:147)
	at play.core.server.AkkaHttpServer.handleRequest(AkkaHttpServer.scala:302)
	at play.core.server.AkkaHttpServer.$anonfun$createServerBinding$1(AkkaHttpServer.scala:224)
	at akka.stream.impl.fusing.MapAsync$$anon$30.onPush(Ops.scala:1297)
	at akka.stream.impl.fusing.GraphInterpreter.processPush(GraphInterpreter.scala:541)
	at akka.stream.impl.fusing.GraphInterpreter.processEvent(GraphInterpreter.scala:495)
	at akka.stream.impl.fusing.GraphInterpreter.execute(GraphInterpreter.scala:390)
	at akka.stream.impl.fusing.GraphInterpreterShell.runBatch(ActorGraphInterpreter.scala:625)
	at akka.stream.impl.fusing.GraphInterpreterShell$AsyncInput.execute(ActorGraphInterpreter.scala:502)
	at akka.stream.impl.fusing.GraphInterpreterShell.processEvent(ActorGraphInterpreter.scala:600)
	at akka.stream.impl.fusing.ActorGraphInterpreter.akka$stream$impl$fusing$ActorGraphInterpreter$$processEvent(ActorGraphInterpreter.scala:775)
	at akka.stream.impl.fusing.ActorGraphInterpreter$$anonfun$receive$1.applyOrElse(ActorGraphInterpreter.scala:790)
	at akka.actor.Actor.aroundReceive(Actor.scala:537)
	at akka.actor.Actor.aroundReceive$(Actor.scala:535)
	at akka.stream.impl.fusing.ActorGraphInterpreter.aroundReceive(ActorGraphInterpreter.scala:691)
	at akka.actor.ActorCell.receiveMessage(ActorCell.scala:579)
	at akka.actor.ActorCell.invoke(ActorCell.scala:547)
	at akka.dispatch.Mailbox.processMailbox(Mailbox.scala:270)
	at akka.dispatch.Mailbox.run(Mailbox.scala:231)
	at akka.dispatch.Mailbox.exec(Mailbox.scala:243)
	at java.base/java.util.concurrent.ForkJoinTask.doExec(ForkJoinTask.java:290)
	at java.base/java.util.concurrent.ForkJoinPool$WorkQueue.topLevelExec(ForkJoinPool.java:1016)
	at java.base/java.util.concurrent.ForkJoinPool.scan(ForkJoinPool.java:1665)
	at java.base/java.util.concurrent.ForkJoinPool.runWorker(ForkJoinPool.java:1598)
	at java.base/java.util.concurrent.ForkJoinWorkerThread.run(ForkJoinWorkerThread.java:183)
2021-11-06 16:12:16,261 [ERROR] from play.api.http.DefaultHttpErrorHandler in play-dev-mode-akka.actor.default-dispatcher-125 - 

! @7lihl09lj - Internal server error, for (GET) [/subreddit/routes.SubredditController.redirect_to_subreddit(subreddit.reddit_id)] ->
 
play.sbt.PlayExceptions$CompilationException: Compilation error[package org.json does not exist]
	at play.sbt.PlayExceptions$CompilationException$.apply(PlayExceptions.scala:34)
	at play.sbt.PlayExceptions$CompilationException$.apply(PlayExceptions.scala:34)
	at scala.Option.map(Option.scala:230)
	at play.sbt.run.PlayReload$.$anonfun$taskFailureHandler$8(PlayReload.scala:131)
	at scala.Option.map(Option.scala:230)
	at play.sbt.run.PlayReload$.taskFailureHandler(PlayReload.scala:104)
	at play.sbt.run.PlayReload$.compileFailure(PlayReload.scala:38)
	at play.sbt.run.PlayReload$.$anonfun$compile$3(PlayReload.scala:156)
	at scala.util.Either$LeftProjection.map(Either.scala:573)
	at play.sbt.run.PlayReload$.compile(PlayReload.scala:156)
	at play.sbt.run.PlayRun$.$anonfun$playRunTask$4(PlayRun.scala:80)
	at play.runsupport.Reloader.$anonfun$reload$1(Reloader.scala:496)
	at play.runsupport.Reloader$$anon$1.run(Reloader.scala:57)
	at java.base/java.security.AccessController.doPrivileged(AccessController.java:391)
	at play.runsupport.Reloader$.play$runsupport$Reloader$$withReloaderContextClassLoader(Reloader.scala:63)
	at play.runsupport.Reloader.reload(Reloader.scala:496)
	at play.core.server.DevServerStart$$anon$1.get(DevServerStart.scala:147)
	at play.core.server.AkkaHttpServer.handleRequest(AkkaHttpServer.scala:302)
	at play.core.server.AkkaHttpServer.$anonfun$createServerBinding$1(AkkaHttpServer.scala:224)
	at akka.stream.impl.fusing.MapAsync$$anon$30.onPush(Ops.scala:1297)
	at akka.stream.impl.fusing.GraphInterpreter.processPush(GraphInterpreter.scala:541)
	at akka.stream.impl.fusing.GraphInterpreter.processEvent(GraphInterpreter.scala:495)
	at akka.stream.impl.fusing.GraphInterpreter.execute(GraphInterpreter.scala:390)
	at akka.stream.impl.fusing.GraphInterpreterShell.runBatch(ActorGraphInterpreter.scala:625)
	at akka.stream.impl.fusing.GraphInterpreterShell$AsyncInput.execute(ActorGraphInterpreter.scala:502)
	at akka.stream.impl.fusing.GraphInterpreterShell.processEvent(ActorGraphInterpreter.scala:600)
	at akka.stream.impl.fusing.ActorGraphInterpreter.akka$stream$impl$fusing$ActorGraphInterpreter$$processEvent(ActorGraphInterpreter.scala:775)
	at akka.stream.impl.fusing.ActorGraphInterpreter$$anonfun$receive$1.applyOrElse(ActorGraphInterpreter.scala:790)
	at akka.actor.Actor.aroundReceive(Actor.scala:537)
	at akka.actor.Actor.aroundReceive$(Actor.scala:535)
	at akka.stream.impl.fusing.ActorGraphInterpreter.aroundReceive(ActorGraphInterpreter.scala:691)
	at akka.actor.ActorCell.receiveMessage(ActorCell.scala:579)
	at akka.actor.ActorCell.invoke(ActorCell.scala:547)
	at akka.dispatch.Mailbox.processMailbox(Mailbox.scala:270)
	at akka.dispatch.Mailbox.run(Mailbox.scala:231)
	at akka.dispatch.Mailbox.exec(Mailbox.scala:243)
	at java.base/java.util.concurrent.ForkJoinTask.doExec(ForkJoinTask.java:290)
	at java.base/java.util.concurrent.ForkJoinPool$WorkQueue.topLevelExec(ForkJoinPool.java:1016)
	at java.base/java.util.concurrent.ForkJoinPool.scan(ForkJoinPool.java:1665)
	at java.base/java.util.concurrent.ForkJoinPool.runWorker(ForkJoinPool.java:1598)
	at java.base/java.util.concurrent.ForkJoinWorkerThread.run(ForkJoinWorkerThread.java:183)
2021-11-06 16:12:21,291 [ERROR] from play.api.http.DefaultHttpErrorHandler in play-dev-mode-akka.actor.default-dispatcher-133 - 

! @7lihl0h7n - Internal server error, for (GET) [/subreddit/routes.SubredditController.redirect_to_subreddit(subreddit.reddit_id)] ->
 
play.sbt.PlayExceptions$CompilationException: Compilation error[package org.json does not exist]
	at play.sbt.PlayExceptions$CompilationException$.apply(PlayExceptions.scala:34)
	at play.sbt.PlayExceptions$CompilationException$.apply(PlayExceptions.scala:34)
	at scala.Option.map(Option.scala:230)
	at play.sbt.run.PlayReload$.$anonfun$taskFailureHandler$8(PlayReload.scala:131)
	at scala.Option.map(Option.scala:230)
	at play.sbt.run.PlayReload$.taskFailureHandler(PlayReload.scala:104)
	at play.sbt.run.PlayReload$.compileFailure(PlayReload.scala:38)
	at play.sbt.run.PlayReload$.$anonfun$compile$3(PlayReload.scala:156)
	at scala.util.Either$LeftProjection.map(Either.scala:573)
	at play.sbt.run.PlayReload$.compile(PlayReload.scala:156)
	at play.sbt.run.PlayRun$.$anonfun$playRunTask$4(PlayRun.scala:80)
	at play.runsupport.Reloader.$anonfun$reload$1(Reloader.scala:496)
	at play.runsupport.Reloader$$anon$1.run(Reloader.scala:57)
	at java.base/java.security.AccessController.doPrivileged(AccessController.java:391)
	at play.runsupport.Reloader$.play$runsupport$Reloader$$withReloaderContextClassLoader(Reloader.scala:63)
	at play.runsupport.Reloader.reload(Reloader.scala:496)
	at play.core.server.DevServerStart$$anon$1.get(DevServerStart.scala:147)
	at play.core.server.AkkaHttpServer.handleRequest(AkkaHttpServer.scala:302)
	at play.core.server.AkkaHttpServer.$anonfun$createServerBinding$1(AkkaHttpServer.scala:224)
	at akka.stream.impl.fusing.MapAsync$$anon$30.onPush(Ops.scala:1297)
	at akka.stream.impl.fusing.GraphInterpreter.processPush(GraphInterpreter.scala:541)
	at akka.stream.impl.fusing.GraphInterpreter.processEvent(GraphInterpreter.scala:495)
	at akka.stream.impl.fusing.GraphInterpreter.execute(GraphInterpreter.scala:390)
	at akka.stream.impl.fusing.GraphInterpreterShell.runBatch(ActorGraphInterpreter.scala:625)
	at akka.stream.impl.fusing.GraphInterpreterShell$AsyncInput.execute(ActorGraphInterpreter.scala:502)
	at akka.stream.impl.fusing.GraphInterpreterShell.processEvent(ActorGraphInterpreter.scala:600)
	at akka.stream.impl.fusing.ActorGraphInterpreter.akka$stream$impl$fusing$ActorGraphInterpreter$$processEvent(ActorGraphInterpreter.scala:775)
	at akka.stream.impl.fusing.ActorGraphInterpreter$$anonfun$receive$1.applyOrElse(ActorGraphInterpreter.scala:790)
	at akka.actor.Actor.aroundReceive(Actor.scala:537)
	at akka.actor.Actor.aroundReceive$(Actor.scala:535)
	at akka.stream.impl.fusing.ActorGraphInterpreter.aroundReceive(ActorGraphInterpreter.scala:691)
	at akka.actor.ActorCell.receiveMessage(ActorCell.scala:579)
	at akka.actor.ActorCell.invoke(ActorCell.scala:547)
	at akka.dispatch.Mailbox.processMailbox(Mailbox.scala:270)
	at akka.dispatch.Mailbox.run(Mailbox.scala:231)
	at akka.dispatch.Mailbox.exec(Mailbox.scala:243)
	at java.base/java.util.concurrent.ForkJoinTask.doExec(ForkJoinTask.java:290)
	at java.base/java.util.concurrent.ForkJoinPool$WorkQueue.topLevelExec(ForkJoinPool.java:1016)
	at java.base/java.util.concurrent.ForkJoinPool.scan(ForkJoinPool.java:1665)
	at java.base/java.util.concurrent.ForkJoinPool.runWorker(ForkJoinPool.java:1598)
	at java.base/java.util.concurrent.ForkJoinWorkerThread.run(ForkJoinWorkerThread.java:183)
2021-11-06 16:47:00,601 [ERROR] from play.api.http.DefaultHttpErrorHandler in play-dev-mode-akka.actor.default-dispatcher-132 - 

! @7lihpep54 - Internal server error, for (GET) [/subreddit/routes.SubredditController.redirect_to_subreddit(subreddit.reddit_id)] ->
 
play.sbt.PlayExceptions$CompilationException: Compilation error[package org.json does not exist]
	at play.sbt.PlayExceptions$CompilationException$.apply(PlayExceptions.scala:34)
	at play.sbt.PlayExceptions$CompilationException$.apply(PlayExceptions.scala:34)
	at scala.Option.map(Option.scala:230)
	at play.sbt.run.PlayReload$.$anonfun$taskFailureHandler$8(PlayReload.scala:131)
	at scala.Option.map(Option.scala:230)
	at play.sbt.run.PlayReload$.taskFailureHandler(PlayReload.scala:104)
	at play.sbt.run.PlayReload$.compileFailure(PlayReload.scala:38)
	at play.sbt.run.PlayReload$.$anonfun$compile$3(PlayReload.scala:156)
	at scala.util.Either$LeftProjection.map(Either.scala:573)
	at play.sbt.run.PlayReload$.compile(PlayReload.scala:156)
	at play.sbt.run.PlayRun$.$anonfun$playRunTask$4(PlayRun.scala:80)
	at play.runsupport.Reloader.$anonfun$reload$1(Reloader.scala:496)
	at play.runsupport.Reloader$$anon$1.run(Reloader.scala:57)
	at java.base/java.security.AccessController.doPrivileged(AccessController.java:391)
	at play.runsupport.Reloader$.play$runsupport$Reloader$$withReloaderContextClassLoader(Reloader.scala:63)
	at play.runsupport.Reloader.reload(Reloader.scala:496)
	at play.core.server.DevServerStart$$anon$1.get(DevServerStart.scala:147)
	at play.core.server.AkkaHttpServer.handleRequest(AkkaHttpServer.scala:302)
	at play.core.server.AkkaHttpServer.$anonfun$createServerBinding$1(AkkaHttpServer.scala:224)
	at akka.stream.impl.fusing.MapAsync$$anon$30.onPush(Ops.scala:1297)
	at akka.stream.impl.fusing.GraphInterpreter.processPush(GraphInterpreter.scala:541)
	at akka.stream.impl.fusing.GraphInterpreter.processEvent(GraphInterpreter.scala:495)
	at akka.stream.impl.fusing.GraphInterpreter.execute(GraphInterpreter.scala:390)
	at akka.stream.impl.fusing.GraphInterpreterShell.runBatch(ActorGraphInterpreter.scala:625)
	at akka.stream.impl.fusing.GraphInterpreterShell$AsyncInput.execute(ActorGraphInterpreter.scala:502)
	at akka.stream.impl.fusing.GraphInterpreterShell.processEvent(ActorGraphInterpreter.scala:600)
	at akka.stream.impl.fusing.ActorGraphInterpreter.akka$stream$impl$fusing$ActorGraphInterpreter$$processEvent(ActorGraphInterpreter.scala:775)
	at akka.stream.impl.fusing.ActorGraphInterpreter$$anonfun$receive$1.applyOrElse(ActorGraphInterpreter.scala:790)
	at akka.actor.Actor.aroundReceive(Actor.scala:537)
	at akka.actor.Actor.aroundReceive$(Actor.scala:535)
	at akka.stream.impl.fusing.ActorGraphInterpreter.aroundReceive(ActorGraphInterpreter.scala:691)
	at akka.actor.ActorCell.receiveMessage(ActorCell.scala:579)
	at akka.actor.ActorCell.invoke(ActorCell.scala:547)
	at akka.dispatch.Mailbox.processMailbox(Mailbox.scala:270)
	at akka.dispatch.Mailbox.run(Mailbox.scala:231)
	at akka.dispatch.Mailbox.exec(Mailbox.scala:243)
	at java.base/java.util.concurrent.ForkJoinTask.doExec(ForkJoinTask.java:290)
	at java.base/java.util.concurrent.ForkJoinPool$WorkQueue.topLevelExec(ForkJoinPool.java:1016)
	at java.base/java.util.concurrent.ForkJoinPool.scan(ForkJoinPool.java:1665)
	at java.base/java.util.concurrent.ForkJoinPool.runWorker(ForkJoinPool.java:1598)
	at java.base/java.util.concurrent.ForkJoinWorkerThread.run(ForkJoinWorkerThread.java:183)
2021-11-06 16:47:04,171 [ERROR] from play.api.http.DefaultHttpErrorHandler in play-dev-mode-akka.actor.default-dispatcher-137 - 

! @7lihpf4cf - Internal server error, for (GET) [/subreddit/routes.SubredditController.redirect_to_subreddit(subreddit.reddit_id)] ->
 
play.sbt.PlayExceptions$CompilationException: Compilation error[package org.json does not exist]
	at play.sbt.PlayExceptions$CompilationException$.apply(PlayExceptions.scala:34)
	at play.sbt.PlayExceptions$CompilationException$.apply(PlayExceptions.scala:34)
	at scala.Option.map(Option.scala:230)
	at play.sbt.run.PlayReload$.$anonfun$taskFailureHandler$8(PlayReload.scala:131)
	at scala.Option.map(Option.scala:230)
	at play.sbt.run.PlayReload$.taskFailureHandler(PlayReload.scala:104)
	at play.sbt.run.PlayReload$.compileFailure(PlayReload.scala:38)
	at play.sbt.run.PlayReload$.$anonfun$compile$3(PlayReload.scala:156)
	at scala.util.Either$LeftProjection.map(Either.scala:573)
	at play.sbt.run.PlayReload$.compile(PlayReload.scala:156)
	at play.sbt.run.PlayRun$.$anonfun$playRunTask$4(PlayRun.scala:80)
	at play.runsupport.Reloader.$anonfun$reload$1(Reloader.scala:496)
	at play.runsupport.Reloader$$anon$1.run(Reloader.scala:57)
	at java.base/java.security.AccessController.doPrivileged(AccessController.java:391)
	at play.runsupport.Reloader$.play$runsupport$Reloader$$withReloaderContextClassLoader(Reloader.scala:63)
	at play.runsupport.Reloader.reload(Reloader.scala:496)
	at play.core.server.DevServerStart$$anon$1.get(DevServerStart.scala:147)
	at play.core.server.AkkaHttpServer.handleRequest(AkkaHttpServer.scala:302)
	at play.core.server.AkkaHttpServer.$anonfun$createServerBinding$1(AkkaHttpServer.scala:224)
	at akka.stream.impl.fusing.MapAsync$$anon$30.onPush(Ops.scala:1297)
	at akka.stream.impl.fusing.GraphInterpreter.processPush(GraphInterpreter.scala:541)
	at akka.stream.impl.fusing.GraphInterpreter.processEvent(GraphInterpreter.scala:495)
	at akka.stream.impl.fusing.GraphInterpreter.execute(GraphInterpreter.scala:390)
	at akka.stream.impl.fusing.GraphInterpreterShell.runBatch(ActorGraphInterpreter.scala:625)
	at akka.stream.impl.fusing.GraphInterpreterShell$AsyncInput.execute(ActorGraphInterpreter.scala:502)
	at akka.stream.impl.fusing.GraphInterpreterShell.processEvent(ActorGraphInterpreter.scala:600)
	at akka.stream.impl.fusing.ActorGraphInterpreter.akka$stream$impl$fusing$ActorGraphInterpreter$$processEvent(ActorGraphInterpreter.scala:775)
	at akka.stream.impl.fusing.ActorGraphInterpreter$$anonfun$receive$1.applyOrElse(ActorGraphInterpreter.scala:790)
	at akka.actor.Actor.aroundReceive(Actor.scala:537)
	at akka.actor.Actor.aroundReceive$(Actor.scala:535)
	at akka.stream.impl.fusing.ActorGraphInterpreter.aroundReceive(ActorGraphInterpreter.scala:691)
	at akka.actor.ActorCell.receiveMessage(ActorCell.scala:579)
	at akka.actor.ActorCell.invoke(ActorCell.scala:547)
	at akka.dispatch.Mailbox.processMailbox(Mailbox.scala:270)
	at akka.dispatch.Mailbox.run(Mailbox.scala:231)
	at akka.dispatch.Mailbox.exec(Mailbox.scala:243)
	at java.base/java.util.concurrent.ForkJoinTask.doExec(ForkJoinTask.java:290)
	at java.base/java.util.concurrent.ForkJoinPool$WorkQueue.topLevelExec(ForkJoinPool.java:1016)
	at java.base/java.util.concurrent.ForkJoinPool.scan(ForkJoinPool.java:1665)
	at java.base/java.util.concurrent.ForkJoinPool.runWorker(ForkJoinPool.java:1598)
	at java.base/java.util.concurrent.ForkJoinWorkerThread.run(ForkJoinWorkerThread.java:183)
2021-11-06 16:47:14,619 [INFO] from play.core.server.AkkaHttpServer in play-dev-mode-shutdown-hook-1 - Stopping Akka HTTP server...
2021-11-06 16:47:14,624 [INFO] from play.core.server.AkkaHttpServer in play-dev-mode-akka.actor.internal-dispatcher-135 - Terminating server binding for /0:0:0:0:0:0:0:0:9000
2021-11-06 16:47:14,813 [INFO] from play.core.server.AkkaHttpServer in play-dev-mode-akka.actor.internal-dispatcher-128 - Running provided shutdown stop hooks
